#
# There is insufficient memory for the Java Runtime Environment to continue.
# Native memory allocation (mmap) failed to map 153092096 bytes for committing reserved memory.
# Possible reasons:
#   The system is out of physical RAM or swap space
#   In 32 bit mode, the process size limit was hit
# Possible solutions:
#   Reduce memory load on the system
#   Increase physical memory or swap space
#   Check if swap backing store is full
#   Use 64 bit Java on a 64 bit OS
#   Decrease Java heap size (-Xmx/-Xms)
#   Decrease number of Java threads
#   Decrease Java thread stack sizes (-Xss)
#   Set larger code cache with -XX:ReservedCodeCacheSize=
# This output file may be truncated or incomplete.
#
#  Out of Memory Error (os_linux.cpp:2630), pid=15686, tid=139885717579520
#
# JRE version: OpenJDK Runtime Environment (8.0_91-b14) (build 1.8.0_91-8u91-b14-0ubuntu4~16.04.1-b14)
# Java VM: OpenJDK 64-Bit Server VM (25.91-b14 mixed mode linux-amd64 compressed oops)
# Failed to write core dump. Core dumps have been disabled. To enable core dumping, try "ulimit -c unlimited" before starting Java again
#

---------------  T H R E A D  ---------------

Current thread (0x00007f39c0073000):  VMThread [stack: 0x00007f39ae716000,0x00007f39ae817000] [id=15691]

Stack: [0x00007f39ae716000,0x00007f39ae817000],  sp=0x00007f39ae8154c0,  free space=1021k
Native frames: (J=compiled Java code, j=interpreted, Vv=VM code, C=native code)
V  [libjvm.so+0xa5d53b]
V  [libjvm.so+0x4c172c]
V  [libjvm.so+0x8ae1e0]
V  [libjvm.so+0x8a865e]
V  [libjvm.so+0x922756]
V  [libjvm.so+0x923a83]
V  [libjvm.so+0x920133]
V  [libjvm.so+0x9203fc]
V  [libjvm.so+0x8d2a73]
V  [libjvm.so+0xa5f1f2]
V  [libjvm.so+0xa64277]
V  [libjvm.so+0xa61a47]
V  [libjvm.so+0xa62ecf]
V  [libjvm.so+0xa633c1]
V  [libjvm.so+0x8ab6c2]

VM_Operation (0x00007f39ad4db4d0): ParallelGCFailedAllocation, mode: safepoint, requested by thread 0x00007f39c05d6800


---------------  P R O C E S S  ---------------

Java Threads: ( => current thread )
  0x00007f39c05d6800 JavaThread "Thread-1" daemon [_thread_blocked, id=15705, stack(0x00007f39ad3dc000,0x00007f39ad4dd000)]
  0x00007f39c05d4800 JavaThread "Thread-0" daemon [_thread_blocked, id=15703, stack(0x00007f39ad4dd000,0x00007f39ad5de000)]
  0x00007f39c05d3000 JavaThread "process reaper" daemon [_thread_in_native, id=15701, stack(0x00007f39ad5de000,0x00007f39ad617000)]
  0x00007f39c00ae800 JavaThread "Service Thread" daemon [_thread_blocked, id=15697, stack(0x00007f39ade38000,0x00007f39adf39000)]
  0x00007f39c00ab800 JavaThread "C1 CompilerThread1" daemon [_thread_blocked, id=15696, stack(0x00007f39adf39000,0x00007f39ae03a000)]
  0x00007f39c00a8800 JavaThread "C2 CompilerThread0" daemon [_thread_blocked, id=15695, stack(0x00007f39ae03a000,0x00007f39ae13b000)]
  0x00007f39c00a6800 JavaThread "Signal Dispatcher" daemon [_thread_blocked, id=15694, stack(0x00007f39ae13b000,0x00007f39ae23c000)]
  0x00007f39c007f800 JavaThread "Finalizer" daemon [_thread_blocked, id=15693, stack(0x00007f39ae514000,0x00007f39ae615000)]
  0x00007f39c007b000 JavaThread "Reference Handler" daemon [_thread_blocked, id=15692, stack(0x00007f39ae615000,0x00007f39ae716000)]
  0x00007f39c000a000 JavaThread "main" [_thread_blocked, id=15688, stack(0x00007f39c6d2b000,0x00007f39c6e2c000)]

Other Threads:
=>0x00007f39c0073000 VMThread [stack: 0x00007f39ae716000,0x00007f39ae817000] [id=15691]
  0x00007f39c00b5000 WatcherThread [stack: 0x00007f39add37000,0x00007f39ade38000] [id=15698]

VM state:at safepoint (normal execution)

VM Mutex/Monitor currently owned by a thread:  ([mutex/lock_event])
[0x00007f39c0006270] Threads_lock - owner thread: 0x00007f39c0073000
[0x00007f39c0006770] Heap_lock - owner thread: 0x00007f39c05d6800

Heap:
 PSYoungGen      total 128000K, used 5096K [0x00000000d8800000, 0x00000000e0a00000, 0x0000000100000000)
  eden space 122880K, 0% used [0x00000000d8800000,0x00000000d8800000,0x00000000e0000000)
  from space 5120K, 99% used [0x00000000e0000000,0x00000000e04fa030,0x00000000e0500000)
  to   space 5120K, 0% used [0x00000000e0500000,0x00000000e0500000,0x00000000e0a00000)
 ParOldGen       total 81920K, used 23690K [0x0000000089800000, 0x000000008e800000, 0x00000000d8800000)
  object space 81920K, 28% used [0x0000000089800000,0x000000008af22b18,0x000000008e800000)
 Metaspace       used 14323K, capacity 14716K, committed 14848K, reserved 1062912K
  class space    used 1596K, capacity 1706K, committed 1792K, reserved 1048576K

Card table byte_map: [0x00007f39b004b000,0x00007f39b0400000] byte_map_base: 0x00007f39afbff000

Marking Bits: (ParMarkBitMap*) 0x00007f39c600ffc0
 Begin Bits: [0x00007f39a4091000, 0x00007f39a5e31000)
 End Bits:   [0x00007f39a5e31000, 0x00007f39a7bd1000)

Polling page: 0x00007f39c6e61000

CodeCache: size=245760Kb used=7396Kb max_used=7408Kb free=238363Kb
 bounds [0x00007f39b07c0000, 0x00007f39b0f10000, 0x00007f39bf7c0000]
 total_blobs=2658 nmethods=2296 adapters=276
 compilation: enabled

Compilation events (10 events):
Event: 26.674 Thread 0x00007f39c00a8800 2300       4       java.nio.Buffer::<init> (121 bytes)
Event: 26.686 Thread 0x00007f39c00a8800 nmethod 2300 0x00007f39b0eeb1d0 code [0x00007f39b0eeb340, 0x00007f39b0eeb4f8]
Event: 28.084 Thread 0x00007f39c00a8800 2301   !   4       java.io.BufferedWriter::flushBuffer (53 bytes)
Event: 28.133 Thread 0x00007f39c00a8800 nmethod 2301 0x00007f39b0eff710 code [0x00007f39b0eff940, 0x00007f39b0f01298]
Event: 28.599 Thread 0x00007f39c00a8800 2302       4       org.apache.tools.ant.Task::log (27 bytes)
Event: 28.601 Thread 0x00007f39c00a8800 nmethod 2302 0x00007f39b0eeadd0 code [0x00007f39b0eeaf20, 0x00007f39b0eeb068]
Event: 28.605 Thread 0x00007f39c00a8800 2303       4       sun.nio.cs.StreamEncoder::writeBytes (132 bytes)
Event: 28.607 Thread 0x00007f39c00a8800 nmethod 2303 0x00007f39b0ef6cd0 code [0x00007f39b0ef6e40, 0x00007f39b0ef7028]
Event: 31.118 Thread 0x00007f39c00a8800 2304   !   4       sun.nio.cs.StreamEncoder::flushBuffer (42 bytes)
Event: 31.126 Thread 0x00007f39c00a8800 nmethod 2304 0x00007f39b0efd050 code [0x00007f39b0efd1e0, 0x00007f39b0efd708]

GC Heap History (9 events):
Event: 0.912 GC heap before
{Heap before GC invocations=1 (full 0):
 PSYoungGen      total 35840K, used 30720K [0x00000000d8800000, 0x00000000db000000, 0x0000000100000000)
  eden space 30720K, 100% used [0x00000000d8800000,0x00000000da600000,0x00000000da600000)
  from space 5120K, 0% used [0x00000000dab00000,0x00000000dab00000,0x00000000db000000)
  to   space 5120K, 0% used [0x00000000da600000,0x00000000da600000,0x00000000dab00000)
 ParOldGen       total 81920K, used 0K [0x0000000089800000, 0x000000008e800000, 0x00000000d8800000)
  object space 81920K, 0% used [0x0000000089800000,0x0000000089800000,0x000000008e800000)
 Metaspace       used 7337K, capacity 7572K, committed 7808K, reserved 1056768K
  class space    used 760K, capacity 820K, committed 896K, reserved 1048576K
Event: 0.924 GC heap after
Heap after GC invocations=1 (full 0):
 PSYoungGen      total 35840K, used 5102K [0x00000000d8800000, 0x00000000dce00000, 0x0000000100000000)
  eden space 30720K, 0% used [0x00000000d8800000,0x00000000d8800000,0x00000000da600000)
  from space 5120K, 99% used [0x00000000da600000,0x00000000daafba50,0x00000000dab00000)
  to   space 5120K, 0% used [0x00000000dc900000,0x00000000dc900000,0x00000000dce00000)
 ParOldGen       total 81920K, used 912K [0x0000000089800000, 0x000000008e800000, 0x00000000d8800000)
  object space 81920K, 1% used [0x0000000089800000,0x00000000898e41c0,0x000000008e800000)
 Metaspace       used 7337K, capacity 7572K, committed 7808K, reserved 1056768K
  class space    used 760K, capacity 820K, committed 896K, reserved 1048576K
}
Event: 1.034 GC heap before
{Heap before GC invocations=2 (full 0):
 PSYoungGen      total 35840K, used 35822K [0x00000000d8800000, 0x00000000dce00000, 0x0000000100000000)
  eden space 30720K, 100% used [0x00000000d8800000,0x00000000da600000,0x00000000da600000)
  from space 5120K, 99% used [0x00000000da600000,0x00000000daafba50,0x00000000dab00000)
  to   space 5120K, 0% used [0x00000000dc900000,0x00000000dc900000,0x00000000dce00000)
 ParOldGen       total 81920K, used 912K [0x0000000089800000, 0x000000008e800000, 0x00000000d8800000)
  object space 81920K, 1% used [0x0000000089800000,0x00000000898e41c0,0x000000008e800000)
 Metaspace       used 7366K, capacity 7636K, committed 7808K, reserved 1056768K
  class space    used 760K, capacity 820K, committed 896K, reserved 1048576K
Event: 1.040 GC heap after
Heap after GC invocations=2 (full 0):
 PSYoungGen      total 66560K, used 4664K [0x00000000d8800000, 0x00000000dce00000, 0x0000000100000000)
  eden space 61440K, 0% used [0x00000000d8800000,0x00000000d8800000,0x00000000dc400000)
  from space 5120K, 91% used [0x00000000dc900000,0x00000000dcd8e050,0x00000000dce00000)
  to   space 5120K, 0% used [0x00000000dc400000,0x00000000dc400000,0x00000000dc900000)
 ParOldGen       total 81920K, used 984K [0x0000000089800000, 0x000000008e800000, 0x00000000d8800000)
  object space 81920K, 1% used [0x0000000089800000,0x00000000898f61d0,0x000000008e800000)
 Metaspace       used 7366K, capacity 7636K, committed 7808K, reserved 1056768K
  class space    used 760K, capacity 820K, committed 896K, reserved 1048576K
}
Event: 2.064 GC heap before
{Heap before GC invocations=3 (full 0):
 PSYoungGen      total 66560K, used 66104K [0x00000000d8800000, 0x00000000dce00000, 0x0000000100000000)
  eden space 61440K, 100% used [0x00000000d8800000,0x00000000dc400000,0x00000000dc400000)
  from space 5120K, 91% used [0x00000000dc900000,0x00000000dcd8e050,0x00000000dce00000)
  to   space 5120K, 0% used [0x00000000dc400000,0x00000000dc400000,0x00000000dc900000)
 ParOldGen       total 81920K, used 984K [0x0000000089800000, 0x000000008e800000, 0x00000000d8800000)
  object space 81920K, 1% used [0x0000000089800000,0x00000000898f61d0,0x000000008e800000)
 Metaspace       used 10960K, capacity 11188K, committed 11392K, reserved 1058816K
  class space    used 1234K, capacity 1300K, committed 1408K, reserved 1048576K
Event: 2.080 GC heap after
Heap after GC invocations=3 (full 0):
 PSYoungGen      total 66560K, used 5101K [0x00000000d8800000, 0x00000000e0a00000, 0x0000000100000000)
  eden space 61440K, 0% used [0x00000000d8800000,0x00000000d8800000,0x00000000dc400000)
  from space 5120K, 99% used [0x00000000dc400000,0x00000000dc8fb728,0x00000000dc900000)
  to   space 5120K, 0% used [0x00000000e0500000,0x00000000e0500000,0x00000000e0a00000)
 ParOldGen       total 81920K, used 2609K [0x0000000089800000, 0x000000008e800000, 0x00000000d8800000)
  object space 81920K, 3% used [0x0000000089800000,0x0000000089a8c788,0x000000008e800000)
 Metaspace       used 10960K, capacity 11188K, committed 11392K, reserved 1058816K
  class space    used 1234K, capacity 1300K, committed 1408K, reserved 1048576K
}
Event: 3.371 GC heap before
{Heap before GC invocations=4 (full 0):
 PSYoungGen      total 66560K, used 66541K [0x00000000d8800000, 0x00000000e0a00000, 0x0000000100000000)
  eden space 61440K, 100% used [0x00000000d8800000,0x00000000dc400000,0x00000000dc400000)
  from space 5120K, 99% used [0x00000000dc400000,0x00000000dc8fb728,0x00000000dc900000)
  to   space 5120K, 0% used [0x00000000e0500000,0x00000000e0500000,0x00000000e0a00000)
 ParOldGen       total 81920K, used 2609K [0x0000000089800000, 0x000000008e800000, 0x00000000d8800000)
  object space 81920K, 3% used [0x0000000089800000,0x0000000089a8c788,0x000000008e800000)
 Metaspace       used 12920K, capacity 13220K, committed 13312K, reserved 1060864K
  class space    used 1440K, capacity 1528K, committed 1536K, reserved 1048576K
Event: 3.402 GC heap after
Heap after GC invocations=4 (full 0):
 PSYoungGen      total 128000K, used 5102K [0x00000000d8800000, 0x00000000e0a00000, 0x0000000100000000)
  eden space 122880K, 0% used [0x00000000d8800000,0x00000000d8800000,0x00000000e0000000)
  from space 5120K, 99% used [0x00000000e0500000,0x00000000e09fb978,0x00000000e0a00000)
  to   space 5120K, 0% used [0x00000000e0000000,0x00000000e0000000,0x00000000e0500000)
 ParOldGen       total 81920K, used 17564K [0x0000000089800000, 0x000000008e800000, 0x00000000d8800000)
  object space 81920K, 21% used [0x0000000089800000,0x000000008a9272d8,0x000000008e800000)
 Metaspace       used 12920K, capacity 13220K, committed 13312K, reserved 1060864K
  class space    used 1440K, capacity 1528K, committed 1536K, reserved 1048576K
}
Event: 33.649 GC heap before
{Heap before GC invocations=5 (full 0):
 PSYoungGen      total 128000K, used 127982K [0x00000000d8800000, 0x00000000e0a00000, 0x0000000100000000)
  eden space 122880K, 100% used [0x00000000d8800000,0x00000000e0000000,0x00000000e0000000)
  from space 5120K, 99% used [0x00000000e0500000,0x00000000e09fb978,0x00000000e0a00000)
  to   space 5120K, 0% used [0x00000000e0000000,0x00000000e0000000,0x00000000e0500000)
 ParOldGen       total 81920K, used 17564K [0x0000000089800000, 0x000000008e800000, 0x00000000d8800000)
  object space 81920K, 21% used [0x0000000089800000,0x000000008a9272d8,0x000000008e800000)
 Metaspace       used 14323K, capacity 14716K, committed 14848K, reserved 1062912K
  class space    used 1596K, capacity 1706K, committed 1792K, reserved 1048576K

Deoptimization events (10 events):
Event: 3.792 Thread 0x00007f39c000a000 Uncommon trap: reason=unstable_if action=reinterpret pc=0x00007f39b0bd2090 method=java.io.File.getName()Ljava/lang/String; @ 16
Event: 3.812 Thread 0x00007f39c000a000 Uncommon trap: reason=unstable_if action=reinterpret pc=0x00007f39b0dddea8 method=java.lang.String.lastIndexOf([CII[CIII)I @ 66
Event: 3.829 Thread 0x00007f39c000a000 Uncommon trap: reason=bimorphic action=maybe_recompile pc=0x00007f39b0c92d2c method=java.util.Collections$UnmodifiableCollection$1.hasNext()Z @ 4
Event: 3.829 Thread 0x00007f39c000a000 Uncommon trap: reason=bimorphic action=maybe_recompile pc=0x00007f39b0c92820 method=java.util.Collections$UnmodifiableCollection$1.next()Ljava/lang/Object; @ 4
Event: 3.829 Thread 0x00007f39c000a000 Uncommon trap: reason=bimorphic action=maybe_recompile pc=0x00007f39b0c92d2c method=java.util.Collections$UnmodifiableCollection$1.hasNext()Z @ 4
Event: 3.831 Thread 0x00007f39c000a000 Uncommon trap: reason=bimorphic action=maybe_recompile pc=0x00007f39b0c92d2c method=java.util.Collections$UnmodifiableCollection$1.hasNext()Z @ 4
Event: 3.831 Thread 0x00007f39c000a000 Uncommon trap: reason=bimorphic action=maybe_recompile pc=0x00007f39b0c92820 method=java.util.Collections$UnmodifiableCollection$1.next()Ljava/lang/Object; @ 4
Event: 3.831 Thread 0x00007f39c000a000 Uncommon trap: reason=bimorphic action=maybe_recompile pc=0x00007f39b0c92d2c method=java.util.Collections$UnmodifiableCollection$1.hasNext()Z @ 4
Event: 3.831 Thread 0x00007f39c000a000 Uncommon trap: reason=bimorphic action=maybe_recompile pc=0x00007f39b0c92820 method=java.util.Collections$UnmodifiableCollection$1.next()Ljava/lang/Object; @ 4
Event: 3.836 Thread 0x00007f39c000a000 Uncommon trap: reason=bimorphic action=maybe_recompile pc=0x00007f39b0c92820 method=java.util.Collections$UnmodifiableCollection$1.next()Ljava/lang/Object; @ 4

Internal exceptions (10 events):
Event: 0.144 Thread 0x00007f39c000a000 Exception <a 'java/security/PrivilegedActionException'> (0x00000000d888e9d0) thrown at [/build/openjdk-8-6lTAoN/openjdk-8-8u91-b14/src/hotspot/src/share/vm/prims/jvm.cpp, line 1386]
Event: 0.144 Thread 0x00007f39c000a000 Exception <a 'java/security/PrivilegedActionException'> (0x00000000d888ebe0) thrown at [/build/openjdk-8-6lTAoN/openjdk-8-8u91-b14/src/hotspot/src/share/vm/prims/jvm.cpp, line 1386]
Event: 0.145 Thread 0x00007f39c000a000 Exception <a 'java/security/PrivilegedActionException'> (0x00000000d888f6b0) thrown at [/build/openjdk-8-6lTAoN/openjdk-8-8u91-b14/src/hotspot/src/share/vm/prims/jvm.cpp, line 1386]
Event: 0.145 Thread 0x00007f39c000a000 Exception <a 'java/security/PrivilegedActionException'> (0x00000000d888f8c0) thrown at [/build/openjdk-8-6lTAoN/openjdk-8-8u91-b14/src/hotspot/src/share/vm/prims/jvm.cpp, line 1386]
Event: 0.789 Thread 0x00007f39c000a000 Exception <a 'java/lang/ClassNotFoundException': org/apache/tools/ant/helper/DefaultExecutor> (0x00000000d980e520) thrown at [/build/openjdk-8-6lTAoN/openjdk-8-8u91-b14/src/hotspot/src/share/vm/classfile/systemDictionary.cpp, line 210]
Event: 2.544 Thread 0x00007f39c000a000 Exception <a 'java/io/FileNotFoundException'> (0x00000000d9c5d228) thrown at [/build/openjdk-8-6lTAoN/openjdk-8-8u91-b14/src/hotspot/src/share/vm/prims/jni.cpp, line 709]
Event: 2.546 Thread 0x00007f39c000a000 Exception <a 'java/io/FileNotFoundException'> (0x00000000d9c84bc8) thrown at [/build/openjdk-8-6lTAoN/openjdk-8-8u91-b14/src/hotspot/src/share/vm/prims/jni.cpp, line 709]
Event: 2.546 Thread 0x00007f39c000a000 Exception <a 'java/io/FileNotFoundException'> (0x00000000d9c856a8) thrown at [/build/openjdk-8-6lTAoN/openjdk-8-8u91-b14/src/hotspot/src/share/vm/prims/jni.cpp, line 709]
Event: 3.884 Thread 0x00007f39c000a000 Exception <a 'java/lang/NoSuchFieldError': method resolution failed> (0x00000000dc976720) thrown at [/build/openjdk-8-6lTAoN/openjdk-8-8u91-b14/src/hotspot/src/share/vm/prims/methodHandles.cpp, line 1146]
Event: 3.890 Thread 0x00007f39c000a000 Exception <a 'java/lang/NoSuchFieldError': method resolution failed> (0x00000000dc983de0) thrown at [/build/openjdk-8-6lTAoN/openjdk-8-8u91-b14/src/hotspot/src/share/vm/prims/methodHandles.cpp, line 1146]

Events (10 events):
Event: 3.966 loading class java/lang/ApplicationShutdownHooks$1 done
Event: 3.966 loading class java/util/IdentityHashMap
Event: 3.966 loading class java/util/IdentityHashMap done
Event: 4.101 Executing VM operation: EnableBiasedLocking
Event: 4.102 Executing VM operation: EnableBiasedLocking done
Event: 19.959 Thread 0x00007f39c05d6800 DEOPT PACKING pc=0x00007f39b0e6c78b sp=0x00007f39ad4dae00
Event: 19.959 Thread 0x00007f39c05d6800 DEOPT UNPACKING pc=0x00007f39b0807373 sp=0x00007f39ad4dac20 mode 0
Event: 23.575 Thread 0x00007f39c05d6800 DEOPT PACKING pc=0x00007f39b0ece7c3 sp=0x00007f39ad4db8d0
Event: 23.575 Thread 0x00007f39c05d6800 DEOPT UNPACKING pc=0x00007f39b0807373 sp=0x00007f39ad4db620 mode 0
Event: 33.642 Executing VM operation: ParallelGCFailedAllocation


Dynamic libraries:
00400000-00401000 r-xp 00000000 08:05 551090                             /usr/lib/jvm/java-8-openjdk-amd64/jre/bin/java
00600000-00601000 r--p 00000000 08:05 551090                             /usr/lib/jvm/java-8-openjdk-amd64/jre/bin/java
00601000-00602000 rw-p 00001000 08:05 551090                             /usr/lib/jvm/java-8-openjdk-amd64/jre/bin/java
01a14000-01a35000 rw-p 00000000 00:00 0                                  [heap]
89800000-8e800000 rw-p 00000000 00:00 0 
8e800000-d8800000 ---p 00000000 00:00 0 
d8800000-e0a00000 rw-p 00000000 00:00 0 
e9c00000-100000000 ---p 00000000 00:00 0 
100000000-1001c0000 rw-p 00000000 00:00 0 
1001c0000-140000000 ---p 00000000 00:00 0 
7f396c000000-7f396c021000 rw-p 00000000 00:00 0 
7f396c021000-7f3970000000 ---p 00000000 00:00 0 
7f3974000000-7f3974021000 rw-p 00000000 00:00 0 
7f3974021000-7f3978000000 ---p 00000000 00:00 0 
7f3978000000-7f3978021000 rw-p 00000000 00:00 0 
7f3978021000-7f397c000000 ---p 00000000 00:00 0 
7f397c000000-7f397c021000 rw-p 00000000 00:00 0 
7f397c021000-7f3980000000 ---p 00000000 00:00 0 
7f3980000000-7f3980021000 rw-p 00000000 00:00 0 
7f3980021000-7f3984000000 ---p 00000000 00:00 0 
7f3984000000-7f3984dd9000 rw-p 00000000 00:00 0 
7f3984dd9000-7f3988000000 ---p 00000000 00:00 0 
7f3988000000-7f39888ab000 rw-p 00000000 00:00 0 
7f39888ab000-7f398c000000 ---p 00000000 00:00 0 
7f398c000000-7f398c021000 rw-p 00000000 00:00 0 
7f398c021000-7f3990000000 ---p 00000000 00:00 0 
7f3990000000-7f3990021000 rw-p 00000000 00:00 0 
7f3990021000-7f3994000000 ---p 00000000 00:00 0 
7f3994000000-7f3994021000 rw-p 00000000 00:00 0 
7f3994021000-7f3998000000 ---p 00000000 00:00 0 
7f3998000000-7f3998021000 rw-p 00000000 00:00 0 
7f3998021000-7f399c000000 ---p 00000000 00:00 0 
7f399c000000-7f399c021000 rw-p 00000000 00:00 0 
7f399c021000-7f39a0000000 ---p 00000000 00:00 0 
7f39a3cdd000-7f39a7bd1000 rw-p 00000000 00:00 0 
7f39a8000000-7f39a8021000 rw-p 00000000 00:00 0 
7f39a8021000-7f39ac000000 ---p 00000000 00:00 0 
7f39ad3dc000-7f39ad3df000 ---p 00000000 00:00 0 
7f39ad3df000-7f39ad4dd000 rw-p 00000000 00:00 0 
7f39ad4dd000-7f39ad4e0000 ---p 00000000 00:00 0 
7f39ad4e0000-7f39ad5de000 rw-p 00000000 00:00 0 
7f39ad5de000-7f39ad5e1000 ---p 00000000 00:00 0 
7f39ad5e1000-7f39ad6d7000 rw-p 00000000 00:00 0 
7f39ad6d7000-7f39ad817000 ---p 00000000 00:00 0 
7f39ad817000-7f39ad81b000 r--s 00097000 08:05 551040                     /usr/lib/jvm/java-8-openjdk-amd64/jre/lib/jsse.jar
7f39ad81b000-7f39ad837000 r--s 001a7000 08:05 4045440                    /home/ankit/Documents/mine/altel/lib/installer-exclude/libjitsi.jar
7f39ad837000-7f39ada37000 rw-p 00000000 00:00 0 
7f39ada37000-7f39adc37000 rw-p 00000000 00:00 0 
7f39adc37000-7f39adc3d000 r--s 00053000 08:05 4045464                    /home/ankit/Documents/mine/altel/lib/installer-exclude/cpptasks.jar
7f39adc3d000-7f39adcb6000 r--s 010e9000 08:05 556494                     /usr/lib/jvm/java-8-openjdk-amd64/lib/tools.jar
7f39adcb6000-7f39adcb7000 r--s 00002000 08:05 659131                     /usr/share/java/ant-apache-bsf-1.9.6.jar
7f39adcb7000-7f39adcb9000 r--s 00002000 08:05 659141                     /usr/share/java/ant-junit4-1.9.6.jar
7f39adcb9000-7f39adcbb000 r--s 0001b000 08:05 659133                     /usr/share/java/ant-junit-1.9.6.jar
7f39adcbb000-7f39adcbc000 r--s 00002000 08:05 659130                     /usr/share/java/ant-antlr-1.9.6.jar
7f39adcbc000-7f39adcbe000 r--s 00002000 08:05 659140                     /usr/share/java/ant-jmf-1.9.6.jar
7f39adcbe000-7f39adcbf000 r--s 00002000 08:05 659139                     /usr/share/java/ant-apache-oro-1.9.6.jar
7f39adcbf000-7f39adcc0000 r--s 00002000 08:05 659145                     /usr/share/java/ant-apache-resolver-1.9.6.jar
7f39adcc0000-7f39adcc1000 r--s 00003000 08:05 659138                     /usr/share/java/ant-jdepend-1.9.6.jar
7f39adcc1000-7f39adcc2000 r--s 00004000 08:05 657159                     /usr/share/java/ant-launcher-1.9.6.jar
7f39adcc2000-7f39adcc3000 r--s 00003000 08:05 659129                     /usr/share/java/ant-swing-1.9.6.jar
7f39adcc3000-7f39adcc4000 r--s 00002000 08:05 659134                     /usr/share/java/ant-commons-logging-1.9.6.jar
7f39adcc4000-7f39adcc6000 r--s 0000a000 08:05 659127                     /usr/share/java/ant-jsch-1.9.6.jar
7f39adcc6000-7f39adcc7000 r--s 00006000 08:05 659142                     /usr/share/java/ant-testutil-1.9.6.jar
7f39adcc7000-7f39adcca000 r--s 00014000 08:05 659143                     /usr/share/java/ant-commons-net-1.9.6.jar
7f39adcca000-7f39adccb000 r--s 00002000 08:05 659128                     /usr/share/java/ant-apache-regexp-1.9.6.jar
7f39adccb000-7f39adccc000 r--s 00003000 08:05 659136                     /usr/share/java/ant-javamail-1.9.6.jar
7f39adccc000-7f39adceb000 r--s 001d1000 08:05 657011                     /usr/share/java/ant-1.9.6.jar
7f39adceb000-7f39adced000 r--s 00001000 08:05 659137                     /usr/share/java/ant-apache-log4j-1.9.6.jar
7f39adced000-7f39adcee000 r--s 00001000 08:05 659135                     /usr/share/java/ant-apache-xalan2-1.9.6.jar
7f39adcee000-7f39adcef000 r--s 00003000 08:05 659132                     /usr/share/java/ant-apache-bcel-1.9.6.jar
7f39adcef000-7f39add0b000 r--s 00393000 08:05 551057                     /usr/lib/jvm/java-8-openjdk-amd64/jre/lib/ext/cldrdata.jar
7f39add0b000-7f39add0f000 r--s 00037000 08:05 551062                     /usr/lib/jvm/java-8-openjdk-amd64/jre/lib/ext/sunpkcs11.jar
7f39add0f000-7f39add2a000 r--s 001d7000 08:05 551061                     /usr/lib/jvm/java-8-openjdk-amd64/jre/lib/ext/nashorn.jar
7f39add2a000-7f39add2d000 r--s 0000f000 08:05 551053                     /usr/lib/jvm/java-8-openjdk-amd64/jre/lib/ext/icedtea-sound.jar
7f39add2d000-7f39add37000 r--s 00116000 08:05 551059                     /usr/lib/jvm/java-8-openjdk-amd64/jre/lib/ext/localedata.jar
7f39add37000-7f39add38000 ---p 00000000 00:00 0 
7f39add38000-7f39ade38000 rw-p 00000000 00:00 0 
7f39ade38000-7f39ade3b000 ---p 00000000 00:00 0 
7f39ade3b000-7f39adf39000 rw-p 00000000 00:00 0 
7f39adf39000-7f39adf3c000 ---p 00000000 00:00 0 
7f39adf3c000-7f39ae03a000 rw-p 00000000 00:00 0 
7f39ae03a000-7f39ae03d000 ---p 00000000 00:00 0 
7f39ae03d000-7f39ae13b000 rw-p 00000000 00:00 0 
7f39ae13b000-7f39ae13e000 ---p 00000000 00:00 0 
7f39ae13e000-7f39ae23c000 rw-p 00000000 00:00 0 
7f39ae23c000-7f39ae514000 r--p 00000000 08:05 263766                     /usr/lib/locale/locale-archive
7f39ae514000-7f39ae517000 ---p 00000000 00:00 0 
7f39ae517000-7f39ae615000 rw-p 00000000 00:00 0 
7f39ae615000-7f39ae618000 ---p 00000000 00:00 0 
7f39ae618000-7f39ae716000 rw-p 00000000 00:00 0 
7f39ae716000-7f39ae717000 ---p 00000000 00:00 0 
7f39ae717000-7f39af18e000 rw-p 00000000 00:00 0 
7f39af18e000-7f39af35b000 r--s 03be7000 08:05 551052                     /usr/lib/jvm/java-8-openjdk-amd64/jre/lib/rt.jar
7f39af35b000-7f39afbd1000 rw-p 00000000 00:00 0 
7f39afbd1000-7f39afbd2000 ---p 00000000 00:00 0 
7f39afbd2000-7f39afcd2000 rw-p 00000000 00:00 0 
7f39afcd2000-7f39afcd3000 ---p 00000000 00:00 0 
7f39afcd3000-7f39afdfb000 rw-p 00000000 00:00 0 
7f39afdfb000-7f39b004b000 ---p 00000000 00:00 0 
7f39b004b000-7f39b0073000 rw-p 00000000 00:00 0 
7f39b0073000-7f39b02c3000 ---p 00000000 00:00 0 
7f39b02c3000-7f39b0304000 rw-p 00000000 00:00 0 
7f39b0304000-7f39b03ff000 ---p 00000000 00:00 0 
7f39b03ff000-7f39b041e000 rw-p 00000000 00:00 0 
7f39b041e000-7f39b07c0000 ---p 00000000 00:00 0 
7f39b07c0000-7f39b0f10000 rwxp 00000000 00:00 0 
7f39b0f10000-7f39bf7c0000 ---p 00000000 00:00 0 
7f39bf7c0000-7f39bf7c8000 r-xp 00000000 08:05 548897                     /usr/lib/jvm/java-8-openjdk-amd64/jre/lib/amd64/libzip.so
7f39bf7c8000-7f39bf9c7000 ---p 00008000 08:05 548897                     /usr/lib/jvm/java-8-openjdk-amd64/jre/lib/amd64/libzip.so
7f39bf9c7000-7f39bf9c8000 r--p 00007000 08:05 548897                     /usr/lib/jvm/java-8-openjdk-amd64/jre/lib/amd64/libzip.so
7f39bf9c8000-7f39bf9c9000 rw-p 00008000 08:05 548897                     /usr/lib/jvm/java-8-openjdk-amd64/jre/lib/amd64/libzip.so
7f39bf9c9000-7f39bf9d4000 r-xp 00000000 08:05 2007991                    /lib/x86_64-linux-gnu/libnss_files-2.23.so
7f39bf9d4000-7f39bfbd3000 ---p 0000b000 08:05 2007991                    /lib/x86_64-linux-gnu/libnss_files-2.23.so
7f39bfbd3000-7f39bfbd4000 r--p 0000a000 08:05 2007991                    /lib/x86_64-linux-gnu/libnss_files-2.23.so
7f39bfbd4000-7f39bfbd5000 rw-p 0000b000 08:05 2007991                    /lib/x86_64-linux-gnu/libnss_files-2.23.so
7f39bfbd5000-7f39bfbdb000 rw-p 00000000 00:00 0 
7f39bfbdb000-7f39bfbe6000 r-xp 00000000 08:05 2007985                    /lib/x86_64-linux-gnu/libnss_nis-2.23.so
7f39bfbe6000-7f39bfde5000 ---p 0000b000 08:05 2007985                    /lib/x86_64-linux-gnu/libnss_nis-2.23.so
7f39bfde5000-7f39bfde6000 r--p 0000a000 08:05 2007985                    /lib/x86_64-linux-gnu/libnss_nis-2.23.so
7f39bfde6000-7f39bfde7000 rw-p 0000b000 08:05 2007985                    /lib/x86_64-linux-gnu/libnss_nis-2.23.so
7f39bfde7000-7f39bfdfd000 r-xp 00000000 08:05 2007981                    /lib/x86_64-linux-gnu/libnsl-2.23.so
7f39bfdfd000-7f39bfffc000 ---p 00016000 08:05 2007981                    /lib/x86_64-linux-gnu/libnsl-2.23.so
7f39bfffc000-7f39bfffd000 r--p 00015000 08:05 2007981                    /lib/x86_64-linux-gnu/libnsl-2.23.so
7f39bfffd000-7f39bfffe000 rw-p 00016000 08:05 2007981                    /lib/x86_64-linux-gnu/libnsl-2.23.so
7f39bfffe000-7f39c0000000 rw-p 00000000 00:00 0 
7f39c0000000-7f39c0d19000 rw-p 00000000 00:00 0 
7f39c0d19000-7f39c4000000 ---p 00000000 00:00 0 
7f39c4000000-7f39c4001000 r--s 00004000 08:05 657159                     /usr/share/java/ant-launcher-1.9.6.jar
7f39c4001000-7f39c4002000 r--s 00010000 08:05 551054                     /usr/lib/jvm/java-8-openjdk-amd64/jre/lib/ext/zipfs.jar
7f39c4002000-7f39c4004000 r--s 00001000 08:05 551060                     /usr/lib/jvm/java-8-openjdk-amd64/jre/lib/ext/dnsns.jar
7f39c4004000-7f39c400a000 r--s 0003a000 08:05 551056                     /usr/lib/jvm/java-8-openjdk-amd64/jre/lib/ext/sunjce_provider.jar
7f39c400a000-7f39c4012000 r-xp 00000000 08:05 2007977                    /lib/x86_64-linux-gnu/libnss_compat-2.23.so
7f39c4012000-7f39c4211000 ---p 00008000 08:05 2007977                    /lib/x86_64-linux-gnu/libnss_compat-2.23.so
7f39c4211000-7f39c4212000 r--p 00007000 08:05 2007977                    /lib/x86_64-linux-gnu/libnss_compat-2.23.so
7f39c4212000-7f39c4213000 rw-p 00008000 08:05 2007977                    /lib/x86_64-linux-gnu/libnss_compat-2.23.so
7f39c4213000-7f39c4240000 r-xp 00000000 08:05 548880                     /usr/lib/jvm/java-8-openjdk-amd64/jre/lib/amd64/libjava.so
7f39c4240000-7f39c443f000 ---p 0002d000 08:05 548880                     /usr/lib/jvm/java-8-openjdk-amd64/jre/lib/amd64/libjava.so
7f39c443f000-7f39c4440000 r--p 0002c000 08:05 548880                     /usr/lib/jvm/java-8-openjdk-amd64/jre/lib/amd64/libjava.so
7f39c4440000-7f39c4442000 rw-p 0002d000 08:05 548880                     /usr/lib/jvm/java-8-openjdk-amd64/jre/lib/amd64/libjava.so
7f39c4442000-7f39c4451000 r-xp 00000000 08:05 526243                     /usr/lib/jvm/java-8-openjdk-amd64/jre/lib/amd64/libverify.so
7f39c4451000-7f39c4650000 ---p 0000f000 08:05 526243                     /usr/lib/jvm/java-8-openjdk-amd64/jre/lib/amd64/libverify.so
7f39c4650000-7f39c4652000 r--p 0000e000 08:05 526243                     /usr/lib/jvm/java-8-openjdk-amd64/jre/lib/amd64/libverify.so
7f39c4652000-7f39c4653000 rw-p 00010000 08:05 526243                     /usr/lib/jvm/java-8-openjdk-amd64/jre/lib/amd64/libverify.so
7f39c4653000-7f39c465a000 r-xp 00000000 08:05 2008009                    /lib/x86_64-linux-gnu/librt-2.23.so
7f39c465a000-7f39c4859000 ---p 00007000 08:05 2008009                    /lib/x86_64-linux-gnu/librt-2.23.so
7f39c4859000-7f39c485a000 r--p 00006000 08:05 2008009                    /lib/x86_64-linux-gnu/librt-2.23.so
7f39c485a000-7f39c485b000 rw-p 00007000 08:05 2008009                    /lib/x86_64-linux-gnu/librt-2.23.so
7f39c485b000-7f39c4871000 r-xp 00000000 08:05 1966114                    /lib/x86_64-linux-gnu/libgcc_s.so.1
7f39c4871000-7f39c4a70000 ---p 00016000 08:05 1966114                    /lib/x86_64-linux-gnu/libgcc_s.so.1
7f39c4a70000-7f39c4a71000 rw-p 00015000 08:05 1966114                    /lib/x86_64-linux-gnu/libgcc_s.so.1
7f39c4a71000-7f39c4b79000 r-xp 00000000 08:05 2008003                    /lib/x86_64-linux-gnu/libm-2.23.so
7f39c4b79000-7f39c4d78000 ---p 00108000 08:05 2008003                    /lib/x86_64-linux-gnu/libm-2.23.so
7f39c4d78000-7f39c4d79000 r--p 00107000 08:05 2008003                    /lib/x86_64-linux-gnu/libm-2.23.so
7f39c4d79000-7f39c4d7a000 rw-p 00108000 08:05 2008003                    /lib/x86_64-linux-gnu/libm-2.23.so
7f39c4d7a000-7f39c4eec000 r-xp 00000000 08:05 264771                     /usr/lib/x86_64-linux-gnu/libstdc++.so.6.0.21
7f39c4eec000-7f39c50ec000 ---p 00172000 08:05 264771                     /usr/lib/x86_64-linux-gnu/libstdc++.so.6.0.21
7f39c50ec000-7f39c50f6000 r--p 00172000 08:05 264771                     /usr/lib/x86_64-linux-gnu/libstdc++.so.6.0.21
7f39c50f6000-7f39c50f8000 rw-p 0017c000 08:05 264771                     /usr/lib/x86_64-linux-gnu/libstdc++.so.6.0.21
7f39c50f8000-7f39c50fc000 rw-p 00000000 00:00 0 
7f39c50fc000-7f39c5d42000 r-xp 00000000 08:05 548893                     /usr/lib/jvm/java-8-openjdk-amd64/jre/lib/amd64/server/libjvm.so
7f39c5d42000-7f39c5f41000 ---p 00c46000 08:05 548893                     /usr/lib/jvm/java-8-openjdk-amd64/jre/lib/amd64/server/libjvm.so
7f39c5f41000-7f39c5fd4000 r--p 00c45000 08:05 548893                     /usr/lib/jvm/java-8-openjdk-amd64/jre/lib/amd64/server/libjvm.so
7f39c5fd4000-7f39c5ffc000 rw-p 00cd8000 08:05 548893                     /usr/lib/jvm/java-8-openjdk-amd64/jre/lib/amd64/server/libjvm.so
7f39c5ffc000-7f39c602c000 rw-p 00000000 00:00 0 
7f39c602c000-7f39c6044000 r-xp 00000000 08:05 2008017                    /lib/x86_64-linux-gnu/libpthread-2.23.so
7f39c6044000-7f39c6243000 ---p 00018000 08:05 2008017                    /lib/x86_64-linux-gnu/libpthread-2.23.so
7f39c6243000-7f39c6244000 r--p 00017000 08:05 2008017                    /lib/x86_64-linux-gnu/libpthread-2.23.so
7f39c6244000-7f39c6245000 rw-p 00018000 08:05 2008017                    /lib/x86_64-linux-gnu/libpthread-2.23.so
7f39c6245000-7f39c6249000 rw-p 00000000 00:00 0 
7f39c6249000-7f39c624c000 r-xp 00000000 08:05 2008021                    /lib/x86_64-linux-gnu/libdl-2.23.so
7f39c624c000-7f39c644b000 ---p 00003000 08:05 2008021                    /lib/x86_64-linux-gnu/libdl-2.23.so
7f39c644b000-7f39c644c000 r--p 00002000 08:05 2008021                    /lib/x86_64-linux-gnu/libdl-2.23.so
7f39c644c000-7f39c644d000 rw-p 00003000 08:05 2008021                    /lib/x86_64-linux-gnu/libdl-2.23.so
7f39c644d000-7f39c6466000 r-xp 00000000 08:05 1966155                    /lib/x86_64-linux-gnu/libz.so.1.2.8
7f39c6466000-7f39c6665000 ---p 00019000 08:05 1966155                    /lib/x86_64-linux-gnu/libz.so.1.2.8
7f39c6665000-7f39c6666000 r--p 00018000 08:05 1966155                    /lib/x86_64-linux-gnu/libz.so.1.2.8
7f39c6666000-7f39c6667000 rw-p 00019000 08:05 1966155                    /lib/x86_64-linux-gnu/libz.so.1.2.8
7f39c6667000-7f39c6827000 r-xp 00000000 08:05 2008019                    /lib/x86_64-linux-gnu/libc-2.23.so
7f39c6827000-7f39c6a26000 ---p 001c0000 08:05 2008019                    /lib/x86_64-linux-gnu/libc-2.23.so
7f39c6a26000-7f39c6a2a000 r--p 001bf000 08:05 2008019                    /lib/x86_64-linux-gnu/libc-2.23.so
7f39c6a2a000-7f39c6a2c000 rw-p 001c3000 08:05 2008019                    /lib/x86_64-linux-gnu/libc-2.23.so
7f39c6a2c000-7f39c6a30000 rw-p 00000000 00:00 0 
7f39c6a30000-7f39c6a3d000 r-xp 00000000 08:05 526232                     /usr/lib/jvm/java-8-openjdk-amd64/jre/lib/amd64/jli/libjli.so
7f39c6a3d000-7f39c6c3d000 ---p 0000d000 08:05 526232                     /usr/lib/jvm/java-8-openjdk-amd64/jre/lib/amd64/jli/libjli.so
7f39c6c3d000-7f39c6c3e000 r--p 0000d000 08:05 526232                     /usr/lib/jvm/java-8-openjdk-amd64/jre/lib/amd64/jli/libjli.so
7f39c6c3e000-7f39c6c3f000 rw-p 0000e000 08:05 526232                     /usr/lib/jvm/java-8-openjdk-amd64/jre/lib/amd64/jli/libjli.so
7f39c6c3f000-7f39c6c65000 r-xp 00000000 08:05 2008011                    /lib/x86_64-linux-gnu/ld-2.23.so
7f39c6c65000-7f39c6c66000 r--s 0000a000 08:05 551055                     /usr/lib/jvm/java-8-openjdk-amd64/jre/lib/ext/jaccess.jar
7f39c6c66000-7f39c6d2b000 rw-p 00000000 00:00 0 
7f39c6d2b000-7f39c6d2e000 ---p 00000000 00:00 0 
7f39c6d2e000-7f39c6e31000 rw-p 00000000 00:00 0 
7f39c6e31000-7f39c6e32000 r--s 00008000 08:05 551058                     /usr/lib/jvm/java-8-openjdk-amd64/jre/lib/ext/sunec.jar
7f39c6e32000-7f39c6e58000 rw-p 00000000 00:00 0 
7f39c6e58000-7f39c6e60000 rw-s 00000000 08:05 529093                     /tmp/hsperfdata_ankit/15686
7f39c6e60000-7f39c6e61000 rw-p 00000000 00:00 0 
7f39c6e61000-7f39c6e62000 ---p 00000000 00:00 0 
7f39c6e62000-7f39c6e64000 rw-p 00000000 00:00 0 
7f39c6e64000-7f39c6e65000 r--p 00025000 08:05 2008011                    /lib/x86_64-linux-gnu/ld-2.23.so
7f39c6e65000-7f39c6e66000 rw-p 00026000 08:05 2008011                    /lib/x86_64-linux-gnu/ld-2.23.so
7f39c6e66000-7f39c6e67000 rw-p 00000000 00:00 0 
7ffd902f5000-7ffd90316000 rw-p 00000000 00:00 0                          [stack]
7ffd9032a000-7ffd9032c000 r--p 00000000 00:00 0                          [vvar]
7ffd9032c000-7ffd9032e000 r-xp 00000000 00:00 0                          [vdso]
ffffffffff600000-ffffffffff601000 r-xp 00000000 00:00 0                  [vsyscall]

VM Arguments:
jvm_args: -Dant.home=/usr/share/ant -Dant.library.dir=/usr/share/ant/lib 
java_command: org.apache.tools.ant.launch.Launcher -cp  rebuild
java_class_path (initial): /usr/share/ant/lib/ant-launcher.jar
Launcher Type: SUN_STANDARD

Environment Variables:
JAVA_HOME=/usr/lib/jvm/default-java
PATH=/usr/local/apache-maven/apache-maven-3.2.5/bin:/home/ankit/bin:/usr/local/sbin:/usr/local/bin:/usr/sbin:/usr/bin:/sbin:/bin:/usr/games:/usr/local/games:/snap/bin
SHELL=/bin/bash
DISPLAY=:0

Signal Handlers:
SIGSEGV: [libjvm.so+0xa5e090], sa_mask[0]=11111111011111111101111111111110, sa_flags=SA_RESTART|SA_SIGINFO
SIGBUS: [libjvm.so+0xa5e090], sa_mask[0]=11111111011111111101111111111110, sa_flags=SA_RESTART|SA_SIGINFO
SIGFPE: [libjvm.so+0x8a9800], sa_mask[0]=11111111011111111101111111111110, sa_flags=SA_RESTART|SA_SIGINFO
SIGPIPE: [libjvm.so+0x8a9800], sa_mask[0]=11111111011111111101111111111110, sa_flags=SA_RESTART|SA_SIGINFO
SIGXFSZ: [libjvm.so+0x8a9800], sa_mask[0]=11111111011111111101111111111110, sa_flags=SA_RESTART|SA_SIGINFO
SIGILL: [libjvm.so+0x8a9800], sa_mask[0]=11111111011111111101111111111110, sa_flags=SA_RESTART|SA_SIGINFO
SIGUSR1: SIG_DFL, sa_mask[0]=00000000000000000000000000000000, sa_flags=none
SIGUSR2: [libjvm.so+0x8a96b0], sa_mask[0]=00000000000000000000000000000000, sa_flags=SA_RESTART|SA_SIGINFO
SIGHUP: [libjvm.so+0x8a9b80], sa_mask[0]=11111111011111111101111111111110, sa_flags=SA_RESTART|SA_SIGINFO
SIGINT: [libjvm.so+0x8a9b80], sa_mask[0]=11111111011111111101111111111110, sa_flags=SA_RESTART|SA_SIGINFO
SIGTERM: [libjvm.so+0x8a9b80], sa_mask[0]=11111111011111111101111111111110, sa_flags=SA_RESTART|SA_SIGINFO
SIGQUIT: [libjvm.so+0x8a9b80], sa_mask[0]=11111111011111111101111111111110, sa_flags=SA_RESTART|SA_SIGINFO


---------------  S Y S T E M  ---------------

OS:DISTRIB_ID=Ubuntu
DISTRIB_RELEASE=16.04
DISTRIB_CODENAME=xenial
DISTRIB_DESCRIPTION="Ubuntu 16.04 LTS"

uname:Linux 4.4.0-22-generic #40-Ubuntu SMP Thu May 12 22:03:46 UTC 2016 x86_64
libc:glibc 2.23 NPTL 2.23 
rlimit: STACK 8192k, CORE 0k, NPROC 30164, NOFILE 65536, AS infinity
load average:2.92 1.66 1.50

/proc/meminfo:
MemTotal:        7760916 kB
MemFree:           51004 kB
MemAvailable:     106024 kB
Buffers:            1052 kB
Cached:           683112 kB
SwapCached:            0 kB
Active:          6895520 kB
Inactive:         580736 kB
Active(anon):    6869168 kB
Inactive(anon):   556444 kB
Active(file):      26352 kB
Inactive(file):    24292 kB
Unevictable:         456 kB
Mlocked:             456 kB
SwapTotal:             0 kB
SwapFree:              0 kB
Dirty:              1828 kB
Writeback:             0 kB
AnonPages:       6793080 kB
Mapped:           423444 kB
Shmem:            632988 kB
Slab:              90436 kB
SReclaimable:      45836 kB
SUnreclaim:        44600 kB
KernelStack:       15888 kB
PageTables:        72184 kB
NFS_Unstable:          0 kB
Bounce:                0 kB
WritebackTmp:          0 kB
CommitLimit:     3880456 kB
Committed_AS:   15829952 kB
VmallocTotal:   34359738367 kB
VmallocUsed:           0 kB
VmallocChunk:          0 kB
HardwareCorrupted:     0 kB
AnonHugePages:   2707456 kB
CmaTotal:              0 kB
CmaFree:               0 kB
HugePages_Total:       0
HugePages_Free:        0
HugePages_Rsvd:        0
HugePages_Surp:        0
Hugepagesize:       2048 kB
DirectMap4k:      157564 kB
DirectMap2M:     7813120 kB


CPU:total 2 (2 cores per cpu, 2 threads per core) family 6 model 58 stepping 9, cmov, cx8, fxsr, mmx, sse, sse2, sse3, ssse3, sse4.1, sse4.2, popcnt, avx, aes, clmul, erms, ht, tsc, tscinvbit, tscinv

/proc/cpuinfo:
processor	: 0
vendor_id	: GenuineIntel
cpu family	: 6
model		: 58
model name	: Intel(R) Core(TM) i5-3210M CPU @ 2.50GHz
stepping	: 9
microcode	: 0x17
cpu MHz		: 2899.902
cache size	: 3072 KB
physical id	: 0
siblings	: 2
core id		: 0
cpu cores	: 2
apicid		: 0
initial apicid	: 0
fpu		: yes
fpu_exception	: yes
cpuid level	: 13
wp		: yes
flags		: fpu vme de pse tsc msr pae mce cx8 apic sep mtrr pge mca cmov pat pse36 clflush dts acpi mmx fxsr sse sse2 ss ht tm pbe syscall nx rdtscp lm constant_tsc arch_perfmon pebs bts rep_good nopl xtopology nonstop_tsc aperfmperf eagerfpu pni pclmulqdq dtes64 monitor ds_cpl vmx est tm2 ssse3 cx16 xtpr pdcm pcid sse4_1 sse4_2 x2apic popcnt tsc_deadline_timer aes xsave avx f16c rdrand lahf_lm epb tpr_shadow vnmi flexpriority ept vpid fsgsbase smep erms xsaveopt dtherm ida arat pln pts
bugs		:
bogomips	: 4988.28
clflush size	: 64
cache_alignment	: 64
address sizes	: 36 bits physical, 48 bits virtual
power management:

processor	: 1
vendor_id	: GenuineIntel
cpu family	: 6
model		: 58
model name	: Intel(R) Core(TM) i5-3210M CPU @ 2.50GHz
stepping	: 9
microcode	: 0x17
cpu MHz		: 2909.570
cache size	: 3072 KB
physical id	: 0
siblings	: 2
core id		: 1
cpu cores	: 2
apicid		: 2
initial apicid	: 2
fpu		: yes
fpu_exception	: yes
cpuid level	: 13
wp		: yes
flags		: fpu vme de pse tsc msr pae mce cx8 apic sep mtrr pge mca cmov pat pse36 clflush dts acpi mmx fxsr sse sse2 ss ht tm pbe syscall nx rdtscp lm constant_tsc arch_perfmon pebs bts rep_good nopl xtopology nonstop_tsc aperfmperf eagerfpu pni pclmulqdq dtes64 monitor ds_cpl vmx est tm2 ssse3 cx16 xtpr pdcm pcid sse4_1 sse4_2 x2apic popcnt tsc_deadline_timer aes xsave avx f16c rdrand lahf_lm epb tpr_shadow vnmi flexpriority ept vpid fsgsbase smep erms xsaveopt dtherm ida arat pln pts
bugs		:
bogomips	: 4988.28
clflush size	: 64
cache_alignment	: 64
address sizes	: 36 bits physical, 48 bits virtual
power management:



Memory: 4k page, physical 7760916k(51004k free), swap 0k(0k free)

vm_info: OpenJDK 64-Bit Server VM (25.91-b14) for linux-amd64 JRE (1.8.0_91-8u91-b14-0ubuntu4~16.04.1-b14), built on Apr 23 2016 07:03:54 by "buildd" with gcc 5.3.1 20160413

time: Fri Jun  3 02:06:52 2016
elapsed time: 34 seconds (0d 0h 0m 34s)

