#
# There is insufficient memory for the Java Runtime Environment to continue.
# Native memory allocation (mmap) failed to map 152043520 bytes for committing reserved memory.
# Possible reasons:
#   The system is out of physical RAM or swap space
#   In 32 bit mode, the process size limit was hit
# Possible solutions:
#   Reduce memory load on the system
#   Increase physical memory or swap space
#   Check if swap backing store is full
#   Use 64 bit Java on a 64 bit OS
#   Decrease Java heap size (-Xmx/-Xms)
#   Decrease number of Java threads
#   Decrease Java thread stack sizes (-Xss)
#   Set larger code cache with -XX:ReservedCodeCacheSize=
# This output file may be truncated or incomplete.
#
#  Out of Memory Error (os_linux.cpp:2630), pid=15751, tid=140325474711296
#
# JRE version: OpenJDK Runtime Environment (8.0_91-b14) (build 1.8.0_91-8u91-b14-0ubuntu4~16.04.1-b14)
# Java VM: OpenJDK 64-Bit Server VM (25.91-b14 mixed mode linux-amd64 compressed oops)
# Failed to write core dump. Core dumps have been disabled. To enable core dumping, try "ulimit -c unlimited" before starting Java again
#

---------------  T H R E A D  ---------------

Current thread (0x00007fa024073000):  VMThread [stack: 0x00007fa01202b000,0x00007fa01212c000] [id=15756]

Stack: [0x00007fa01202b000,0x00007fa01212c000],  sp=0x00007fa01212a4c0,  free space=1021k
Native frames: (J=compiled Java code, j=interpreted, Vv=VM code, C=native code)
V  [libjvm.so+0xa5d53b]
V  [libjvm.so+0x4c172c]
V  [libjvm.so+0x8ae1e0]
V  [libjvm.so+0x8a865e]
V  [libjvm.so+0x922756]
V  [libjvm.so+0x923a83]
V  [libjvm.so+0x920133]
V  [libjvm.so+0x9203fc]
V  [libjvm.so+0x8d2a73]
V  [libjvm.so+0xa5f1f2]
V  [libjvm.so+0xa64277]
V  [libjvm.so+0xa61a47]
V  [libjvm.so+0xa62ecf]
V  [libjvm.so+0xa633c1]
V  [libjvm.so+0x8ab6c2]

VM_Operation (0x00007fa011004450): ParallelGCFailedAllocation, mode: safepoint, requested by thread 0x00007fa0248a8800


---------------  P R O C E S S  ---------------

Java Threads: ( => current thread )
  0x00007fa0248a8800 JavaThread "Thread-1" daemon [_thread_blocked, id=15769, stack(0x00007fa010f05000,0x00007fa011006000)]
  0x00007fa0248a6800 JavaThread "Thread-0" daemon [_thread_blocked, id=15767, stack(0x00007fa011006000,0x00007fa011107000)]
  0x00007fa0248a5000 JavaThread "process reaper" daemon [_thread_in_native, id=15766, stack(0x00007fa011107000,0x00007fa011140000)]
  0x00007fa0240ae800 JavaThread "Service Thread" daemon [_thread_blocked, id=15762, stack(0x00007fa01174d000,0x00007fa01184e000)]
  0x00007fa0240ab800 JavaThread "C1 CompilerThread1" daemon [_thread_blocked, id=15761, stack(0x00007fa01184e000,0x00007fa01194f000)]
  0x00007fa0240a8800 JavaThread "C2 CompilerThread0" daemon [_thread_blocked, id=15760, stack(0x00007fa01194f000,0x00007fa011a50000)]
  0x00007fa0240a6800 JavaThread "Signal Dispatcher" daemon [_thread_blocked, id=15759, stack(0x00007fa011a50000,0x00007fa011b51000)]
  0x00007fa02407f800 JavaThread "Finalizer" daemon [_thread_blocked, id=15758, stack(0x00007fa011e29000,0x00007fa011f2a000)]
  0x00007fa02407b000 JavaThread "Reference Handler" daemon [_thread_blocked, id=15757, stack(0x00007fa011f2a000,0x00007fa01202b000)]
  0x00007fa02400a000 JavaThread "main" [_thread_blocked, id=15753, stack(0x00007fa02aa08000,0x00007fa02ab09000)]

Other Threads:
=>0x00007fa024073000 VMThread [stack: 0x00007fa01202b000,0x00007fa01212c000] [id=15756]
  0x00007fa0240bd000 WatcherThread [stack: 0x00007fa01164c000,0x00007fa01174d000] [id=15763]

VM state:at safepoint (normal execution)

VM Mutex/Monitor currently owned by a thread:  ([mutex/lock_event])
[0x00007fa024006270] Threads_lock - owner thread: 0x00007fa024073000
[0x00007fa024006770] Heap_lock - owner thread: 0x00007fa0248a8800

Heap:
 PSYoungGen      total 128000K, used 5111K [0x00000000d8800000, 0x00000000e0a00000, 0x0000000100000000)
  eden space 122880K, 0% used [0x00000000d8800000,0x00000000d8800000,0x00000000e0000000)
  from space 5120K, 99% used [0x00000000e0000000,0x00000000e04fdd28,0x00000000e0500000)
  to   space 5120K, 0% used [0x00000000e0500000,0x00000000e0500000,0x00000000e0a00000)
 ParOldGen       total 81920K, used 25841K [0x0000000089800000, 0x000000008e800000, 0x00000000d8800000)
  object space 81920K, 31% used [0x0000000089800000,0x000000008b13c5d8,0x000000008e800000)
 Metaspace       used 14245K, capacity 14652K, committed 14848K, reserved 1062912K
  class space    used 1596K, capacity 1706K, committed 1792K, reserved 1048576K

Card table byte_map: [0x00007fa013c13000,0x00007fa013fc8000] byte_map_base: 0x00007fa0137c7000

Marking Bits: (ParMarkBitMap*) 0x00007fa029cecfc0
 Begin Bits: [0x00007fa007d5a000, 0x00007fa009afa000)
 End Bits:   [0x00007fa009afa000, 0x00007fa00b89a000)

Polling page: 0x00007fa02ab3e000

CodeCache: size=245760Kb used=7839Kb max_used=7891Kb free=237920Kb
 bounds [0x00007fa014388000, 0x00007fa014b48000, 0x00007fa023388000]
 total_blobs=2656 nmethods=2294 adapters=276
 compilation: enabled

Compilation events (10 events):
Event: 23.301 Thread 0x00007fa0240a8800 2293       4       java.io.BufferedOutputStream::flushBuffer (29 bytes)
Event: 23.305 Thread 0x00007fa0240a8800 nmethod 2293 0x00007fa014b087d0 code [0x00007fa014b08920, 0x00007fa014b08a08]
Event: 23.404 Thread 0x00007fa0240a8800 2294   !   4       java.io.StringReader::read (133 bytes)
Event: 23.408 Thread 0x00007fa0240a8800 nmethod 2294 0x00007fa014b09650 code [0x00007fa014b097c0, 0x00007fa014b09ef8]
Event: 24.355 Thread 0x00007fa0240ab800 2295       1       org.apache.tools.ant.util.LineOrientedOutputStream::flush (1 bytes)
Event: 24.355 Thread 0x00007fa0240ab800 nmethod 2295 0x00007fa014b08510 code [0x00007fa014b08660, 0x00007fa014b08770]
Event: 24.662 Thread 0x00007fa0240a8800 2296       4       java.nio.Buffer::<init> (121 bytes)
Event: 24.663 Thread 0x00007fa0240a8800 nmethod 2296 0x00007fa014b09150 code [0x00007fa014b092c0, 0x00007fa014b09478]
Event: 30.698 Thread 0x00007fa0240a8800 2297       4       java.nio.CharBuffer::<init> (22 bytes)
Event: 30.701 Thread 0x00007fa0240a8800 nmethod 2297 0x00007fa014b17010 code [0x00007fa014b17180, 0x00007fa014b173b8]

GC Heap History (9 events):
Event: 0.866 GC heap before
{Heap before GC invocations=1 (full 0):
 PSYoungGen      total 35840K, used 30720K [0x00000000d8800000, 0x00000000db000000, 0x0000000100000000)
  eden space 30720K, 100% used [0x00000000d8800000,0x00000000da600000,0x00000000da600000)
  from space 5120K, 0% used [0x00000000dab00000,0x00000000dab00000,0x00000000db000000)
  to   space 5120K, 0% used [0x00000000da600000,0x00000000da600000,0x00000000dab00000)
 ParOldGen       total 81920K, used 0K [0x0000000089800000, 0x000000008e800000, 0x00000000d8800000)
  object space 81920K, 0% used [0x0000000089800000,0x0000000089800000,0x000000008e800000)
 Metaspace       used 7285K, capacity 7572K, committed 7808K, reserved 1056768K
  class space    used 760K, capacity 820K, committed 896K, reserved 1048576K
Event: 0.876 GC heap after
Heap after GC invocations=1 (full 0):
 PSYoungGen      total 35840K, used 5115K [0x00000000d8800000, 0x00000000dce00000, 0x0000000100000000)
  eden space 30720K, 0% used [0x00000000d8800000,0x00000000d8800000,0x00000000da600000)
  from space 5120K, 99% used [0x00000000da600000,0x00000000daafec30,0x00000000dab00000)
  to   space 5120K, 0% used [0x00000000dc900000,0x00000000dc900000,0x00000000dce00000)
 ParOldGen       total 81920K, used 954K [0x0000000089800000, 0x000000008e800000, 0x00000000d8800000)
  object space 81920K, 1% used [0x0000000089800000,0x00000000898ee828,0x000000008e800000)
 Metaspace       used 7285K, capacity 7572K, committed 7808K, reserved 1056768K
  class space    used 760K, capacity 820K, committed 896K, reserved 1048576K
}
Event: 0.979 GC heap before
{Heap before GC invocations=2 (full 0):
 PSYoungGen      total 35840K, used 35835K [0x00000000d8800000, 0x00000000dce00000, 0x0000000100000000)
  eden space 30720K, 100% used [0x00000000d8800000,0x00000000da600000,0x00000000da600000)
  from space 5120K, 99% used [0x00000000da600000,0x00000000daafec30,0x00000000dab00000)
  to   space 5120K, 0% used [0x00000000dc900000,0x00000000dc900000,0x00000000dce00000)
 ParOldGen       total 81920K, used 954K [0x0000000089800000, 0x000000008e800000, 0x00000000d8800000)
  object space 81920K, 1% used [0x0000000089800000,0x00000000898ee828,0x000000008e800000)
 Metaspace       used 7337K, capacity 7572K, committed 7808K, reserved 1056768K
  class space    used 760K, capacity 820K, committed 896K, reserved 1048576K
Event: 0.985 GC heap after
Heap after GC invocations=2 (full 0):
 PSYoungGen      total 66560K, used 5104K [0x00000000d8800000, 0x00000000dce00000, 0x0000000100000000)
  eden space 61440K, 0% used [0x00000000d8800000,0x00000000d8800000,0x00000000dc400000)
  from space 5120K, 99% used [0x00000000dc900000,0x00000000dcdfc2e0,0x00000000dce00000)
  to   space 5120K, 0% used [0x00000000dc400000,0x00000000dc400000,0x00000000dc900000)
 ParOldGen       total 81920K, used 1546K [0x0000000089800000, 0x000000008e800000, 0x00000000d8800000)
  object space 81920K, 1% used [0x0000000089800000,0x0000000089982838,0x000000008e800000)
 Metaspace       used 7337K, capacity 7572K, committed 7808K, reserved 1056768K
  class space    used 760K, capacity 820K, committed 896K, reserved 1048576K
}
Event: 1.869 GC heap before
{Heap before GC invocations=3 (full 0):
 PSYoungGen      total 66560K, used 66544K [0x00000000d8800000, 0x00000000dce00000, 0x0000000100000000)
  eden space 61440K, 100% used [0x00000000d8800000,0x00000000dc400000,0x00000000dc400000)
  from space 5120K, 99% used [0x00000000dc900000,0x00000000dcdfc2e0,0x00000000dce00000)
  to   space 5120K, 0% used [0x00000000dc400000,0x00000000dc400000,0x00000000dc900000)
 ParOldGen       total 81920K, used 1546K [0x0000000089800000, 0x000000008e800000, 0x00000000d8800000)
  object space 81920K, 1% used [0x0000000089800000,0x0000000089982838,0x000000008e800000)
 Metaspace       used 11330K, capacity 11572K, committed 11648K, reserved 1058816K
  class space    used 1291K, capacity 1364K, committed 1408K, reserved 1048576K
Event: 1.881 GC heap after
Heap after GC invocations=3 (full 0):
 PSYoungGen      total 66560K, used 5107K [0x00000000d8800000, 0x00000000e0a00000, 0x0000000100000000)
  eden space 61440K, 0% used [0x00000000d8800000,0x00000000d8800000,0x00000000dc400000)
  from space 5120K, 99% used [0x00000000dc400000,0x00000000dc8fcc30,0x00000000dc900000)
  to   space 5120K, 0% used [0x00000000e0500000,0x00000000e0500000,0x00000000e0a00000)
 ParOldGen       total 81920K, used 6020K [0x0000000089800000, 0x000000008e800000, 0x00000000d8800000)
  object space 81920K, 7% used [0x0000000089800000,0x0000000089de1168,0x000000008e800000)
 Metaspace       used 11330K, capacity 11572K, committed 11648K, reserved 1058816K
  class space    used 1291K, capacity 1364K, committed 1408K, reserved 1048576K
}
Event: 2.634 GC heap before
{Heap before GC invocations=4 (full 0):
 PSYoungGen      total 66560K, used 66547K [0x00000000d8800000, 0x00000000e0a00000, 0x0000000100000000)
  eden space 61440K, 100% used [0x00000000d8800000,0x00000000dc400000,0x00000000dc400000)
  from space 5120K, 99% used [0x00000000dc400000,0x00000000dc8fcc30,0x00000000dc900000)
  to   space 5120K, 0% used [0x00000000e0500000,0x00000000e0500000,0x00000000e0a00000)
 ParOldGen       total 81920K, used 6020K [0x0000000089800000, 0x000000008e800000, 0x00000000d8800000)
  object space 81920K, 7% used [0x0000000089800000,0x0000000089de1168,0x000000008e800000)
 Metaspace       used 12849K, capacity 13092K, committed 13312K, reserved 1060864K
  class space    used 1441K, capacity 1528K, committed 1536K, reserved 1048576K
Event: 2.657 GC heap after
Heap after GC invocations=4 (full 0):
 PSYoungGen      total 128000K, used 5099K [0x00000000d8800000, 0x00000000e0a00000, 0x0000000100000000)
  eden space 122880K, 0% used [0x00000000d8800000,0x00000000d8800000,0x00000000e0000000)
  from space 5120K, 99% used [0x00000000e0500000,0x00000000e09fad38,0x00000000e0a00000)
  to   space 5120K, 0% used [0x00000000e0000000,0x00000000e0000000,0x00000000e0500000)
 ParOldGen       total 81920K, used 19861K [0x0000000089800000, 0x000000008e800000, 0x00000000d8800000)
  object space 81920K, 24% used [0x0000000089800000,0x000000008ab656e0,0x000000008e800000)
 Metaspace       used 12849K, capacity 13092K, committed 13312K, reserved 1060864K
  class space    used 1441K, capacity 1528K, committed 1536K, reserved 1048576K
}
Event: 30.901 GC heap before
{Heap before GC invocations=5 (full 0):
 PSYoungGen      total 128000K, used 127979K [0x00000000d8800000, 0x00000000e0a00000, 0x0000000100000000)
  eden space 122880K, 100% used [0x00000000d8800000,0x00000000e0000000,0x00000000e0000000)
  from space 5120K, 99% used [0x00000000e0500000,0x00000000e09fad38,0x00000000e0a00000)
  to   space 5120K, 0% used [0x00000000e0000000,0x00000000e0000000,0x00000000e0500000)
 ParOldGen       total 81920K, used 19861K [0x0000000089800000, 0x000000008e800000, 0x00000000d8800000)
  object space 81920K, 24% used [0x0000000089800000,0x000000008ab656e0,0x000000008e800000)
 Metaspace       used 14245K, capacity 14652K, committed 14848K, reserved 1062912K
  class space    used 1596K, capacity 1706K, committed 1792K, reserved 1048576K

Deoptimization events (10 events):
Event: 2.863 Thread 0x00007fa02400a000 Uncommon trap: reason=unstable_if action=reinterpret pc=0x00007fa0149427a8 method=java.lang.String.lastIndexOf([CII[CIII)I @ 66
Event: 2.871 Thread 0x00007fa02400a000 Uncommon trap: reason=bimorphic action=maybe_recompile pc=0x00007fa0148e8f2c method=java.util.Collections$UnmodifiableCollection$1.hasNext()Z @ 4
Event: 2.871 Thread 0x00007fa02400a000 Uncommon trap: reason=bimorphic action=maybe_recompile pc=0x00007fa0148e0fe0 method=java.util.Collections$UnmodifiableCollection$1.next()Ljava/lang/Object; @ 4
Event: 2.871 Thread 0x00007fa02400a000 Uncommon trap: reason=bimorphic action=maybe_recompile pc=0x00007fa0148e8f2c method=java.util.Collections$UnmodifiableCollection$1.hasNext()Z @ 4
Event: 2.873 Thread 0x00007fa02400a000 Uncommon trap: reason=bimorphic action=maybe_recompile pc=0x00007fa0148e8f2c method=java.util.Collections$UnmodifiableCollection$1.hasNext()Z @ 4
Event: 2.873 Thread 0x00007fa02400a000 Uncommon trap: reason=bimorphic action=maybe_recompile pc=0x00007fa0148e0fe0 method=java.util.Collections$UnmodifiableCollection$1.next()Ljava/lang/Object; @ 4
Event: 2.873 Thread 0x00007fa02400a000 Uncommon trap: reason=bimorphic action=maybe_recompile pc=0x00007fa0148e8f2c method=java.util.Collections$UnmodifiableCollection$1.hasNext()Z @ 4
Event: 2.873 Thread 0x00007fa02400a000 Uncommon trap: reason=bimorphic action=maybe_recompile pc=0x00007fa0148e0fe0 method=java.util.Collections$UnmodifiableCollection$1.next()Ljava/lang/Object; @ 4
Event: 2.876 Thread 0x00007fa02400a000 Uncommon trap: reason=bimorphic action=maybe_recompile pc=0x00007fa0148e0fe0 method=java.util.Collections$UnmodifiableCollection$1.next()Ljava/lang/Object; @ 4
Event: 3.438 Thread 0x00007fa0248a8800 Uncommon trap: reason=null_check action=make_not_entrant pc=0x00007fa0148fd9e8 method=java.lang.StringCoding.deref(Ljava/lang/ThreadLocal;)Ljava/lang/Object; @ 4

Internal exceptions (10 events):
Event: 0.152 Thread 0x00007fa02400a000 Exception <a 'java/security/PrivilegedActionException'> (0x00000000d888ebe0) thrown at [/build/openjdk-8-6lTAoN/openjdk-8-8u91-b14/src/hotspot/src/share/vm/prims/jvm.cpp, line 1386]
Event: 0.152 Thread 0x00007fa02400a000 Exception <a 'java/security/PrivilegedActionException'> (0x00000000d888f6b0) thrown at [/build/openjdk-8-6lTAoN/openjdk-8-8u91-b14/src/hotspot/src/share/vm/prims/jvm.cpp, line 1386]
Event: 0.152 Thread 0x00007fa02400a000 Exception <a 'java/security/PrivilegedActionException'> (0x00000000d888f8c0) thrown at [/build/openjdk-8-6lTAoN/openjdk-8-8u91-b14/src/hotspot/src/share/vm/prims/jvm.cpp, line 1386]
Event: 0.772 Thread 0x00007fa02400a000 Exception <a 'java/lang/ClassNotFoundException': org/apache/tools/ant/helper/DefaultExecutor> (0x00000000d97733e0) thrown at [/build/openjdk-8-6lTAoN/openjdk-8-8u91-b14/src/hotspot/src/share/vm/classfile/systemDictionary.cpp, line 210]
Event: 1.992 Thread 0x00007fa02400a000 Exception <a 'java/io/FileNotFoundException'> (0x00000000d90c6218) thrown at [/build/openjdk-8-6lTAoN/openjdk-8-8u91-b14/src/hotspot/src/share/vm/prims/jni.cpp, line 709]
Event: 1.995 Thread 0x00007fa02400a000 Exception <a 'java/io/FileNotFoundException'> (0x00000000d90edbb8) thrown at [/build/openjdk-8-6lTAoN/openjdk-8-8u91-b14/src/hotspot/src/share/vm/prims/jni.cpp, line 709]
Event: 1.995 Thread 0x00007fa02400a000 Exception <a 'java/io/FileNotFoundException'> (0x00000000d90ee698) thrown at [/build/openjdk-8-6lTAoN/openjdk-8-8u91-b14/src/hotspot/src/share/vm/prims/jni.cpp, line 709]
Event: 2.900 Thread 0x00007fa02400a000 Exception <a 'java/lang/NoSuchFieldError': method resolution failed> (0x00000000dc074c70) thrown at [/build/openjdk-8-6lTAoN/openjdk-8-8u91-b14/src/hotspot/src/share/vm/prims/methodHandles.cpp, line 1146]
Event: 2.903 Thread 0x00007fa02400a000 Exception <a 'java/lang/NoSuchFieldError': method resolution failed> (0x00000000dc082330) thrown at [/build/openjdk-8-6lTAoN/openjdk-8-8u91-b14/src/hotspot/src/share/vm/prims/methodHandles.cpp, line 1146]
Event: 3.438 Thread 0x00007fa0248a8800 Implicit null exception at 0x00007fa0148fd35f to 0x00007fa0148fd9d1

Events (10 events):
Event: 3.438 Thread 0x00007fa0248a8800 Uncommon trap: trap_request=0xfffffff4 fr.pc=0x00007fa0148fd9e8
Event: 3.438 Thread 0x00007fa0248a8800 DEOPT PACKING pc=0x00007fa0148fd9e8 sp=0x00007fa011004570
Event: 3.438 Thread 0x00007fa0248a8800 DEOPT UNPACKING pc=0x00007fa01438cf69 sp=0x00007fa0110044e0 mode 2
Event: 4.115 Executing VM operation: EnableBiasedLocking
Event: 4.115 Executing VM operation: EnableBiasedLocking done
Event: 18.681 Thread 0x00007fa0248a8800 DEOPT PACKING pc=0x00007fa014a92a8b sp=0x00007fa011003e00
Event: 18.681 Thread 0x00007fa0248a8800 DEOPT UNPACKING pc=0x00007fa0143cf373 sp=0x00007fa011003c20 mode 0
Event: 21.556 Thread 0x00007fa0248a8800 DEOPT PACKING pc=0x00007fa014aeeac3 sp=0x00007fa0110048d0
Event: 21.556 Thread 0x00007fa0248a8800 DEOPT UNPACKING pc=0x00007fa0143cf373 sp=0x00007fa011004620 mode 0
Event: 30.901 Executing VM operation: ParallelGCFailedAllocation


Dynamic libraries:
00400000-00401000 r-xp 00000000 08:05 551090                             /usr/lib/jvm/java-8-openjdk-amd64/jre/bin/java
00600000-00601000 r--p 00000000 08:05 551090                             /usr/lib/jvm/java-8-openjdk-amd64/jre/bin/java
00601000-00602000 rw-p 00001000 08:05 551090                             /usr/lib/jvm/java-8-openjdk-amd64/jre/bin/java
012f7000-01318000 rw-p 00000000 00:00 0                                  [heap]
89800000-8e800000 rw-p 00000000 00:00 0 
8e800000-d8800000 ---p 00000000 00:00 0 
d8800000-e0a00000 rw-p 00000000 00:00 0 
e9b00000-100000000 ---p 00000000 00:00 0 
100000000-1001c0000 rw-p 00000000 00:00 0 
1001c0000-140000000 ---p 00000000 00:00 0 
7f9fd0000000-7f9fd0021000 rw-p 00000000 00:00 0 
7f9fd0021000-7f9fd4000000 ---p 00000000 00:00 0 
7f9fd8000000-7f9fd8021000 rw-p 00000000 00:00 0 
7f9fd8021000-7f9fdc000000 ---p 00000000 00:00 0 
7f9fdc000000-7f9fdc021000 rw-p 00000000 00:00 0 
7f9fdc021000-7f9fe0000000 ---p 00000000 00:00 0 
7f9fe0000000-7f9fe0021000 rw-p 00000000 00:00 0 
7f9fe0021000-7f9fe4000000 ---p 00000000 00:00 0 
7f9fe4000000-7f9fe4021000 rw-p 00000000 00:00 0 
7f9fe4021000-7f9fe8000000 ---p 00000000 00:00 0 
7f9fe8000000-7f9fe9e5b000 rw-p 00000000 00:00 0 
7f9fe9e5b000-7f9fec000000 ---p 00000000 00:00 0 
7f9fec000000-7f9fec691000 rw-p 00000000 00:00 0 
7f9fec691000-7f9ff0000000 ---p 00000000 00:00 0 
7f9ff0000000-7f9ff0021000 rw-p 00000000 00:00 0 
7f9ff0021000-7f9ff4000000 ---p 00000000 00:00 0 
7f9ff4000000-7f9ff4021000 rw-p 00000000 00:00 0 
7f9ff4021000-7f9ff8000000 ---p 00000000 00:00 0 
7f9ff8000000-7f9ff8021000 rw-p 00000000 00:00 0 
7f9ff8021000-7f9ffc000000 ---p 00000000 00:00 0 
7f9ffc000000-7f9ffc021000 rw-p 00000000 00:00 0 
7f9ffc021000-7fa000000000 ---p 00000000 00:00 0 
7fa000000000-7fa000021000 rw-p 00000000 00:00 0 
7fa000021000-7fa004000000 ---p 00000000 00:00 0 
7fa007d5a000-7fa00b89a000 rw-p 00000000 00:00 0 
7fa00c000000-7fa00c021000 rw-p 00000000 00:00 0 
7fa00c021000-7fa010000000 ---p 00000000 00:00 0 
7fa010c51000-7fa010e51000 rw-p 00000000 00:00 0 
7fa010f05000-7fa010f08000 ---p 00000000 00:00 0 
7fa010f08000-7fa011006000 rw-p 00000000 00:00 0 
7fa011006000-7fa011009000 ---p 00000000 00:00 0 
7fa011009000-7fa011107000 rw-p 00000000 00:00 0 
7fa011107000-7fa01110a000 ---p 00000000 00:00 0 
7fa01110a000-7fa011200000 rw-p 00000000 00:00 0 
7fa011200000-7fa011340000 ---p 00000000 00:00 0 
7fa011340000-7fa011344000 r--s 00097000 08:05 551040                     /usr/lib/jvm/java-8-openjdk-amd64/jre/lib/jsse.jar
7fa011344000-7fa011360000 r--s 001a7000 08:05 4045440                    /home/ankit/Documents/mine/altel/lib/installer-exclude/libjitsi.jar
7fa011360000-7fa011560000 rw-p 00000000 00:00 0 
7fa011560000-7fa011566000 r--s 00053000 08:05 4045464                    /home/ankit/Documents/mine/altel/lib/installer-exclude/cpptasks.jar
7fa011566000-7fa0115df000 r--s 010e9000 08:05 556494                     /usr/lib/jvm/java-8-openjdk-amd64/lib/tools.jar
7fa0115df000-7fa0115e0000 r--s 00002000 08:05 659131                     /usr/share/java/ant-apache-bsf-1.9.6.jar
7fa0115e0000-7fa0115e2000 r--s 00002000 08:05 659141                     /usr/share/java/ant-junit4-1.9.6.jar
7fa0115e2000-7fa0115e4000 r--s 0001b000 08:05 659133                     /usr/share/java/ant-junit-1.9.6.jar
7fa0115e4000-7fa0115e5000 r--s 00002000 08:05 659130                     /usr/share/java/ant-antlr-1.9.6.jar
7fa0115e5000-7fa0115e7000 r--s 00002000 08:05 659140                     /usr/share/java/ant-jmf-1.9.6.jar
7fa0115e7000-7fa0115e8000 r--s 00002000 08:05 659139                     /usr/share/java/ant-apache-oro-1.9.6.jar
7fa0115e8000-7fa0115e9000 r--s 00002000 08:05 659145                     /usr/share/java/ant-apache-resolver-1.9.6.jar
7fa0115e9000-7fa0115ea000 r--s 00003000 08:05 659138                     /usr/share/java/ant-jdepend-1.9.6.jar
7fa0115ea000-7fa0115eb000 r--s 00004000 08:05 657159                     /usr/share/java/ant-launcher-1.9.6.jar
7fa0115eb000-7fa0115ec000 r--s 00003000 08:05 659129                     /usr/share/java/ant-swing-1.9.6.jar
7fa0115ec000-7fa0115ed000 r--s 00002000 08:05 659134                     /usr/share/java/ant-commons-logging-1.9.6.jar
7fa0115ed000-7fa0115ef000 r--s 0000a000 08:05 659127                     /usr/share/java/ant-jsch-1.9.6.jar
7fa0115ef000-7fa0115f0000 r--s 00006000 08:05 659142                     /usr/share/java/ant-testutil-1.9.6.jar
7fa0115f0000-7fa0115f3000 r--s 00014000 08:05 659143                     /usr/share/java/ant-commons-net-1.9.6.jar
7fa0115f3000-7fa0115f4000 r--s 00002000 08:05 659128                     /usr/share/java/ant-apache-regexp-1.9.6.jar
7fa0115f4000-7fa011613000 r--s 001d1000 08:05 657011                     /usr/share/java/ant-1.9.6.jar
7fa011613000-7fa011615000 r--s 00001000 08:05 659137                     /usr/share/java/ant-apache-log4j-1.9.6.jar
7fa011615000-7fa011631000 r--s 00393000 08:05 551057                     /usr/lib/jvm/java-8-openjdk-amd64/jre/lib/ext/cldrdata.jar
7fa011631000-7fa01164c000 r--s 001d7000 08:05 551061                     /usr/lib/jvm/java-8-openjdk-amd64/jre/lib/ext/nashorn.jar
7fa01164c000-7fa01164d000 ---p 00000000 00:00 0 
7fa01164d000-7fa01174d000 rw-p 00000000 00:00 0 
7fa01174d000-7fa011750000 ---p 00000000 00:00 0 
7fa011750000-7fa01184e000 rw-p 00000000 00:00 0 
7fa01184e000-7fa011851000 ---p 00000000 00:00 0 
7fa011851000-7fa01194f000 rw-p 00000000 00:00 0 
7fa01194f000-7fa011952000 ---p 00000000 00:00 0 
7fa011952000-7fa011a50000 rw-p 00000000 00:00 0 
7fa011a50000-7fa011a53000 ---p 00000000 00:00 0 
7fa011a53000-7fa011b51000 rw-p 00000000 00:00 0 
7fa011b51000-7fa011e29000 r--p 00000000 08:05 263766                     /usr/lib/locale/locale-archive
7fa011e29000-7fa011e2c000 ---p 00000000 00:00 0 
7fa011e2c000-7fa011f2a000 rw-p 00000000 00:00 0 
7fa011f2a000-7fa011f2d000 ---p 00000000 00:00 0 
7fa011f2d000-7fa01202b000 rw-p 00000000 00:00 0 
7fa01202b000-7fa01202c000 ---p 00000000 00:00 0 
7fa01202c000-7fa012aa3000 rw-p 00000000 00:00 0 
7fa012aa3000-7fa012c70000 r--s 03be7000 08:05 551052                     /usr/lib/jvm/java-8-openjdk-amd64/jre/lib/rt.jar
7fa012c70000-7fa01389a000 rw-p 00000000 00:00 0 
7fa01389a000-7fa01389b000 ---p 00000000 00:00 0 
7fa01389b000-7fa0139c3000 rw-p 00000000 00:00 0 
7fa0139c3000-7fa013c13000 ---p 00000000 00:00 0 
7fa013c13000-7fa013c3b000 rw-p 00000000 00:00 0 
7fa013c3b000-7fa013e8b000 ---p 00000000 00:00 0 
7fa013e8b000-7fa013ecc000 rw-p 00000000 00:00 0 
7fa013ecc000-7fa013fc7000 ---p 00000000 00:00 0 
7fa013fc7000-7fa013fe7000 rw-p 00000000 00:00 0 
7fa013fe7000-7fa014388000 ---p 00000000 00:00 0 
7fa014388000-7fa014b48000 rwxp 00000000 00:00 0 
7fa014b48000-7fa023388000 ---p 00000000 00:00 0 
7fa023388000-7fa023390000 r-xp 00000000 08:05 548897                     /usr/lib/jvm/java-8-openjdk-amd64/jre/lib/amd64/libzip.so
7fa023390000-7fa02358f000 ---p 00008000 08:05 548897                     /usr/lib/jvm/java-8-openjdk-amd64/jre/lib/amd64/libzip.so
7fa02358f000-7fa023590000 r--p 00007000 08:05 548897                     /usr/lib/jvm/java-8-openjdk-amd64/jre/lib/amd64/libzip.so
7fa023590000-7fa023591000 rw-p 00008000 08:05 548897                     /usr/lib/jvm/java-8-openjdk-amd64/jre/lib/amd64/libzip.so
7fa023591000-7fa02359c000 r-xp 00000000 08:05 2007991                    /lib/x86_64-linux-gnu/libnss_files-2.23.so
7fa02359c000-7fa02379b000 ---p 0000b000 08:05 2007991                    /lib/x86_64-linux-gnu/libnss_files-2.23.so
7fa02379b000-7fa02379c000 r--p 0000a000 08:05 2007991                    /lib/x86_64-linux-gnu/libnss_files-2.23.so
7fa02379c000-7fa02379d000 rw-p 0000b000 08:05 2007991                    /lib/x86_64-linux-gnu/libnss_files-2.23.so
7fa02379d000-7fa0237a3000 rw-p 00000000 00:00 0 
7fa0237a3000-7fa0237ae000 r-xp 00000000 08:05 2007985                    /lib/x86_64-linux-gnu/libnss_nis-2.23.so
7fa0237ae000-7fa0239ad000 ---p 0000b000 08:05 2007985                    /lib/x86_64-linux-gnu/libnss_nis-2.23.so
7fa0239ad000-7fa0239ae000 r--p 0000a000 08:05 2007985                    /lib/x86_64-linux-gnu/libnss_nis-2.23.so
7fa0239ae000-7fa0239af000 rw-p 0000b000 08:05 2007985                    /lib/x86_64-linux-gnu/libnss_nis-2.23.so
7fa0239af000-7fa0239c5000 r-xp 00000000 08:05 2007981                    /lib/x86_64-linux-gnu/libnsl-2.23.so
7fa0239c5000-7fa023bc4000 ---p 00016000 08:05 2007981                    /lib/x86_64-linux-gnu/libnsl-2.23.so
7fa023bc4000-7fa023bc5000 r--p 00015000 08:05 2007981                    /lib/x86_64-linux-gnu/libnsl-2.23.so
7fa023bc5000-7fa023bc6000 rw-p 00016000 08:05 2007981                    /lib/x86_64-linux-gnu/libnsl-2.23.so
7fa023bc6000-7fa023bc8000 rw-p 00000000 00:00 0 
7fa023bc8000-7fa023bd0000 r-xp 00000000 08:05 2007977                    /lib/x86_64-linux-gnu/libnss_compat-2.23.so
7fa023bd0000-7fa023dcf000 ---p 00008000 08:05 2007977                    /lib/x86_64-linux-gnu/libnss_compat-2.23.so
7fa023dcf000-7fa023dd0000 r--p 00007000 08:05 2007977                    /lib/x86_64-linux-gnu/libnss_compat-2.23.so
7fa023dd0000-7fa023dd1000 rw-p 00008000 08:05 2007977                    /lib/x86_64-linux-gnu/libnss_compat-2.23.so
7fa023dd1000-7fa023dfe000 r-xp 00000000 08:05 548880                     /usr/lib/jvm/java-8-openjdk-amd64/jre/lib/amd64/libjava.so
7fa023dfe000-7fa023ffd000 ---p 0002d000 08:05 548880                     /usr/lib/jvm/java-8-openjdk-amd64/jre/lib/amd64/libjava.so
7fa023ffd000-7fa023ffe000 r--p 0002c000 08:05 548880                     /usr/lib/jvm/java-8-openjdk-amd64/jre/lib/amd64/libjava.so
7fa023ffe000-7fa024000000 rw-p 0002d000 08:05 548880                     /usr/lib/jvm/java-8-openjdk-amd64/jre/lib/amd64/libjava.so
7fa024000000-7fa024d1b000 rw-p 00000000 00:00 0 
7fa024d1b000-7fa028000000 ---p 00000000 00:00 0 
7fa028000000-7fa028001000 r--s 00003000 08:05 659136                     /usr/share/java/ant-javamail-1.9.6.jar
7fa028001000-7fa028002000 r--s 00001000 08:05 659135                     /usr/share/java/ant-apache-xalan2-1.9.6.jar
7fa028002000-7fa028003000 r--s 00003000 08:05 659132                     /usr/share/java/ant-apache-bcel-1.9.6.jar
7fa028003000-7fa028004000 r--s 00004000 08:05 657159                     /usr/share/java/ant-launcher-1.9.6.jar
7fa028004000-7fa028005000 r--s 00010000 08:05 551054                     /usr/lib/jvm/java-8-openjdk-amd64/jre/lib/ext/zipfs.jar
7fa028005000-7fa028009000 r--s 00037000 08:05 551062                     /usr/lib/jvm/java-8-openjdk-amd64/jre/lib/ext/sunpkcs11.jar
7fa028009000-7fa02800c000 r--s 0000f000 08:05 551053                     /usr/lib/jvm/java-8-openjdk-amd64/jre/lib/ext/icedtea-sound.jar
7fa02800c000-7fa028016000 r--s 00116000 08:05 551059                     /usr/lib/jvm/java-8-openjdk-amd64/jre/lib/ext/localedata.jar
7fa028016000-7fa028018000 r--s 00001000 08:05 551060                     /usr/lib/jvm/java-8-openjdk-amd64/jre/lib/ext/dnsns.jar
7fa028018000-7fa02801e000 r--s 0003a000 08:05 551056                     /usr/lib/jvm/java-8-openjdk-amd64/jre/lib/ext/sunjce_provider.jar
7fa02801e000-7fa02801f000 ---p 00000000 00:00 0 
7fa02801f000-7fa02811f000 rw-p 00000000 00:00 0 
7fa02811f000-7fa02812e000 r-xp 00000000 08:05 526243                     /usr/lib/jvm/java-8-openjdk-amd64/jre/lib/amd64/libverify.so
7fa02812e000-7fa02832d000 ---p 0000f000 08:05 526243                     /usr/lib/jvm/java-8-openjdk-amd64/jre/lib/amd64/libverify.so
7fa02832d000-7fa02832f000 r--p 0000e000 08:05 526243                     /usr/lib/jvm/java-8-openjdk-amd64/jre/lib/amd64/libverify.so
7fa02832f000-7fa028330000 rw-p 00010000 08:05 526243                     /usr/lib/jvm/java-8-openjdk-amd64/jre/lib/amd64/libverify.so
7fa028330000-7fa028337000 r-xp 00000000 08:05 2008009                    /lib/x86_64-linux-gnu/librt-2.23.so
7fa028337000-7fa028536000 ---p 00007000 08:05 2008009                    /lib/x86_64-linux-gnu/librt-2.23.so
7fa028536000-7fa028537000 r--p 00006000 08:05 2008009                    /lib/x86_64-linux-gnu/librt-2.23.so
7fa028537000-7fa028538000 rw-p 00007000 08:05 2008009                    /lib/x86_64-linux-gnu/librt-2.23.so
7fa028538000-7fa02854e000 r-xp 00000000 08:05 1966114                    /lib/x86_64-linux-gnu/libgcc_s.so.1
7fa02854e000-7fa02874d000 ---p 00016000 08:05 1966114                    /lib/x86_64-linux-gnu/libgcc_s.so.1
7fa02874d000-7fa02874e000 rw-p 00015000 08:05 1966114                    /lib/x86_64-linux-gnu/libgcc_s.so.1
7fa02874e000-7fa028856000 r-xp 00000000 08:05 2008003                    /lib/x86_64-linux-gnu/libm-2.23.so
7fa028856000-7fa028a55000 ---p 00108000 08:05 2008003                    /lib/x86_64-linux-gnu/libm-2.23.so
7fa028a55000-7fa028a56000 r--p 00107000 08:05 2008003                    /lib/x86_64-linux-gnu/libm-2.23.so
7fa028a56000-7fa028a57000 rw-p 00108000 08:05 2008003                    /lib/x86_64-linux-gnu/libm-2.23.so
7fa028a57000-7fa028bc9000 r-xp 00000000 08:05 264771                     /usr/lib/x86_64-linux-gnu/libstdc++.so.6.0.21
7fa028bc9000-7fa028dc9000 ---p 00172000 08:05 264771                     /usr/lib/x86_64-linux-gnu/libstdc++.so.6.0.21
7fa028dc9000-7fa028dd3000 r--p 00172000 08:05 264771                     /usr/lib/x86_64-linux-gnu/libstdc++.so.6.0.21
7fa028dd3000-7fa028dd5000 rw-p 0017c000 08:05 264771                     /usr/lib/x86_64-linux-gnu/libstdc++.so.6.0.21
7fa028dd5000-7fa028dd9000 rw-p 00000000 00:00 0 
7fa028dd9000-7fa029a1f000 r-xp 00000000 08:05 548893                     /usr/lib/jvm/java-8-openjdk-amd64/jre/lib/amd64/server/libjvm.so
7fa029a1f000-7fa029c1e000 ---p 00c46000 08:05 548893                     /usr/lib/jvm/java-8-openjdk-amd64/jre/lib/amd64/server/libjvm.so
7fa029c1e000-7fa029cb1000 r--p 00c45000 08:05 548893                     /usr/lib/jvm/java-8-openjdk-amd64/jre/lib/amd64/server/libjvm.so
7fa029cb1000-7fa029cd9000 rw-p 00cd8000 08:05 548893                     /usr/lib/jvm/java-8-openjdk-amd64/jre/lib/amd64/server/libjvm.so
7fa029cd9000-7fa029d09000 rw-p 00000000 00:00 0 
7fa029d09000-7fa029d21000 r-xp 00000000 08:05 2008017                    /lib/x86_64-linux-gnu/libpthread-2.23.so
7fa029d21000-7fa029f20000 ---p 00018000 08:05 2008017                    /lib/x86_64-linux-gnu/libpthread-2.23.so
7fa029f20000-7fa029f21000 r--p 00017000 08:05 2008017                    /lib/x86_64-linux-gnu/libpthread-2.23.so
7fa029f21000-7fa029f22000 rw-p 00018000 08:05 2008017                    /lib/x86_64-linux-gnu/libpthread-2.23.so
7fa029f22000-7fa029f26000 rw-p 00000000 00:00 0 
7fa029f26000-7fa029f29000 r-xp 00000000 08:05 2008021                    /lib/x86_64-linux-gnu/libdl-2.23.so
7fa029f29000-7fa02a128000 ---p 00003000 08:05 2008021                    /lib/x86_64-linux-gnu/libdl-2.23.so
7fa02a128000-7fa02a129000 r--p 00002000 08:05 2008021                    /lib/x86_64-linux-gnu/libdl-2.23.so
7fa02a129000-7fa02a12a000 rw-p 00003000 08:05 2008021                    /lib/x86_64-linux-gnu/libdl-2.23.so
7fa02a12a000-7fa02a143000 r-xp 00000000 08:05 1966155                    /lib/x86_64-linux-gnu/libz.so.1.2.8
7fa02a143000-7fa02a342000 ---p 00019000 08:05 1966155                    /lib/x86_64-linux-gnu/libz.so.1.2.8
7fa02a342000-7fa02a343000 r--p 00018000 08:05 1966155                    /lib/x86_64-linux-gnu/libz.so.1.2.8
7fa02a343000-7fa02a344000 rw-p 00019000 08:05 1966155                    /lib/x86_64-linux-gnu/libz.so.1.2.8
7fa02a344000-7fa02a504000 r-xp 00000000 08:05 2008019                    /lib/x86_64-linux-gnu/libc-2.23.so
7fa02a504000-7fa02a703000 ---p 001c0000 08:05 2008019                    /lib/x86_64-linux-gnu/libc-2.23.so
7fa02a703000-7fa02a707000 r--p 001bf000 08:05 2008019                    /lib/x86_64-linux-gnu/libc-2.23.so
7fa02a707000-7fa02a709000 rw-p 001c3000 08:05 2008019                    /lib/x86_64-linux-gnu/libc-2.23.so
7fa02a709000-7fa02a70d000 rw-p 00000000 00:00 0 
7fa02a70d000-7fa02a71a000 r-xp 00000000 08:05 526232                     /usr/lib/jvm/java-8-openjdk-amd64/jre/lib/amd64/jli/libjli.so
7fa02a71a000-7fa02a91a000 ---p 0000d000 08:05 526232                     /usr/lib/jvm/java-8-openjdk-amd64/jre/lib/amd64/jli/libjli.so
7fa02a91a000-7fa02a91b000 r--p 0000d000 08:05 526232                     /usr/lib/jvm/java-8-openjdk-amd64/jre/lib/amd64/jli/libjli.so
7fa02a91b000-7fa02a91c000 rw-p 0000e000 08:05 526232                     /usr/lib/jvm/java-8-openjdk-amd64/jre/lib/amd64/jli/libjli.so
7fa02a91c000-7fa02a942000 r-xp 00000000 08:05 2008011                    /lib/x86_64-linux-gnu/ld-2.23.so
7fa02a942000-7fa02a943000 r--s 0000a000 08:05 551055                     /usr/lib/jvm/java-8-openjdk-amd64/jre/lib/ext/jaccess.jar
7fa02a943000-7fa02aa08000 rw-p 00000000 00:00 0 
7fa02aa08000-7fa02aa0b000 ---p 00000000 00:00 0 
7fa02aa0b000-7fa02ab0e000 rw-p 00000000 00:00 0 
7fa02ab0e000-7fa02ab0f000 r--s 00008000 08:05 551058                     /usr/lib/jvm/java-8-openjdk-amd64/jre/lib/ext/sunec.jar
7fa02ab0f000-7fa02ab35000 rw-p 00000000 00:00 0 
7fa02ab35000-7fa02ab3d000 rw-s 00000000 08:05 529093                     /tmp/hsperfdata_ankit/15751
7fa02ab3d000-7fa02ab3e000 rw-p 00000000 00:00 0 
7fa02ab3e000-7fa02ab3f000 ---p 00000000 00:00 0 
7fa02ab3f000-7fa02ab41000 rw-p 00000000 00:00 0 
7fa02ab41000-7fa02ab42000 r--p 00025000 08:05 2008011                    /lib/x86_64-linux-gnu/ld-2.23.so
7fa02ab42000-7fa02ab43000 rw-p 00026000 08:05 2008011                    /lib/x86_64-linux-gnu/ld-2.23.so
7fa02ab43000-7fa02ab44000 rw-p 00000000 00:00 0 
7fffcee14000-7fffcee35000 rw-p 00000000 00:00 0                          [stack]
7fffcef9c000-7fffcef9e000 r--p 00000000 00:00 0                          [vvar]
7fffcef9e000-7fffcefa0000 r-xp 00000000 00:00 0                          [vdso]
ffffffffff600000-ffffffffff601000 r-xp 00000000 00:00 0                  [vsyscall]

VM Arguments:
jvm_args: -Dant.home=/usr/share/ant -Dant.library.dir=/usr/share/ant/lib 
java_command: org.apache.tools.ant.launch.Launcher -cp  rebuild
java_class_path (initial): /usr/share/ant/lib/ant-launcher.jar
Launcher Type: SUN_STANDARD

Environment Variables:
JAVA_HOME=/usr/lib/jvm/default-java
PATH=/usr/local/apache-maven/apache-maven-3.2.5/bin:/home/ankit/bin:/usr/local/sbin:/usr/local/bin:/usr/sbin:/usr/bin:/sbin:/bin:/usr/games:/usr/local/games:/snap/bin
SHELL=/bin/bash
DISPLAY=:0

Signal Handlers:
SIGSEGV: [libjvm.so+0xa5e090], sa_mask[0]=11111111011111111101111111111110, sa_flags=SA_RESTART|SA_SIGINFO
SIGBUS: [libjvm.so+0xa5e090], sa_mask[0]=11111111011111111101111111111110, sa_flags=SA_RESTART|SA_SIGINFO
SIGFPE: [libjvm.so+0x8a9800], sa_mask[0]=11111111011111111101111111111110, sa_flags=SA_RESTART|SA_SIGINFO
SIGPIPE: [libjvm.so+0x8a9800], sa_mask[0]=11111111011111111101111111111110, sa_flags=SA_RESTART|SA_SIGINFO
SIGXFSZ: [libjvm.so+0x8a9800], sa_mask[0]=11111111011111111101111111111110, sa_flags=SA_RESTART|SA_SIGINFO
SIGILL: [libjvm.so+0x8a9800], sa_mask[0]=11111111011111111101111111111110, sa_flags=SA_RESTART|SA_SIGINFO
SIGUSR1: SIG_DFL, sa_mask[0]=00000000000000000000000000000000, sa_flags=none
SIGUSR2: [libjvm.so+0x8a96b0], sa_mask[0]=00000000000000000000000000000000, sa_flags=SA_RESTART|SA_SIGINFO
SIGHUP: [libjvm.so+0x8a9b80], sa_mask[0]=11111111011111111101111111111110, sa_flags=SA_RESTART|SA_SIGINFO
SIGINT: [libjvm.so+0x8a9b80], sa_mask[0]=11111111011111111101111111111110, sa_flags=SA_RESTART|SA_SIGINFO
SIGTERM: [libjvm.so+0x8a9b80], sa_mask[0]=11111111011111111101111111111110, sa_flags=SA_RESTART|SA_SIGINFO
SIGQUIT: [libjvm.so+0x8a9b80], sa_mask[0]=11111111011111111101111111111110, sa_flags=SA_RESTART|SA_SIGINFO


---------------  S Y S T E M  ---------------

OS:DISTRIB_ID=Ubuntu
DISTRIB_RELEASE=16.04
DISTRIB_CODENAME=xenial
DISTRIB_DESCRIPTION="Ubuntu 16.04 LTS"

uname:Linux 4.4.0-22-generic #40-Ubuntu SMP Thu May 12 22:03:46 UTC 2016 x86_64
libc:glibc 2.23 NPTL 2.23 
rlimit: STACK 8192k, CORE 0k, NPROC 30164, NOFILE 65536, AS infinity
load average:2.98 1.84 1.57

/proc/meminfo:
MemTotal:        7760916 kB
MemFree:           47220 kB
MemAvailable:     105708 kB
Buffers:            2240 kB
Cached:           680544 kB
SwapCached:            0 kB
Active:          6903732 kB
Inactive:         575984 kB
Active(anon):    6873244 kB
Inactive(anon):   552312 kB
Active(file):      30488 kB
Inactive(file):    23672 kB
Unevictable:         456 kB
Mlocked:             456 kB
SwapTotal:             0 kB
SwapFree:              0 kB
Dirty:              1572 kB
Writeback:             0 kB
AnonPages:       6797596 kB
Mapped:           424436 kB
Shmem:            628368 kB
Slab:              90164 kB
SReclaimable:      45788 kB
SUnreclaim:        44376 kB
KernelStack:       15904 kB
PageTables:        72336 kB
NFS_Unstable:          0 kB
Bounce:                0 kB
WritebackTmp:          0 kB
CommitLimit:     3880456 kB
Committed_AS:   15788728 kB
VmallocTotal:   34359738367 kB
VmallocUsed:           0 kB
VmallocChunk:          0 kB
HardwareCorrupted:     0 kB
AnonHugePages:   2742272 kB
CmaTotal:              0 kB
CmaFree:               0 kB
HugePages_Total:       0
HugePages_Free:        0
HugePages_Rsvd:        0
HugePages_Surp:        0
Hugepagesize:       2048 kB
DirectMap4k:      157564 kB
DirectMap2M:     7813120 kB


CPU:total 2 (2 cores per cpu, 2 threads per core) family 6 model 58 stepping 9, cmov, cx8, fxsr, mmx, sse, sse2, sse3, ssse3, sse4.1, sse4.2, popcnt, avx, aes, clmul, erms, ht, tsc, tscinvbit, tscinv

/proc/cpuinfo:
processor	: 0
vendor_id	: GenuineIntel
cpu family	: 6
model		: 58
model name	: Intel(R) Core(TM) i5-3210M CPU @ 2.50GHz
stepping	: 9
microcode	: 0x17
cpu MHz		: 2900.000
cache size	: 3072 KB
physical id	: 0
siblings	: 2
core id		: 0
cpu cores	: 2
apicid		: 0
initial apicid	: 0
fpu		: yes
fpu_exception	: yes
cpuid level	: 13
wp		: yes
flags		: fpu vme de pse tsc msr pae mce cx8 apic sep mtrr pge mca cmov pat pse36 clflush dts acpi mmx fxsr sse sse2 ss ht tm pbe syscall nx rdtscp lm constant_tsc arch_perfmon pebs bts rep_good nopl xtopology nonstop_tsc aperfmperf eagerfpu pni pclmulqdq dtes64 monitor ds_cpl vmx est tm2 ssse3 cx16 xtpr pdcm pcid sse4_1 sse4_2 x2apic popcnt tsc_deadline_timer aes xsave avx f16c rdrand lahf_lm epb tpr_shadow vnmi flexpriority ept vpid fsgsbase smep erms xsaveopt dtherm ida arat pln pts
bugs		:
bogomips	: 4988.28
clflush size	: 64
cache_alignment	: 64
address sizes	: 36 bits physical, 48 bits virtual
power management:

processor	: 1
vendor_id	: GenuineIntel
cpu family	: 6
model		: 58
model name	: Intel(R) Core(TM) i5-3210M CPU @ 2.50GHz
stepping	: 9
microcode	: 0x17
cpu MHz		: 2899.902
cache size	: 3072 KB
physical id	: 0
siblings	: 2
core id		: 1
cpu cores	: 2
apicid		: 2
initial apicid	: 2
fpu		: yes
fpu_exception	: yes
cpuid level	: 13
wp		: yes
flags		: fpu vme de pse tsc msr pae mce cx8 apic sep mtrr pge mca cmov pat pse36 clflush dts acpi mmx fxsr sse sse2 ss ht tm pbe syscall nx rdtscp lm constant_tsc arch_perfmon pebs bts rep_good nopl xtopology nonstop_tsc aperfmperf eagerfpu pni pclmulqdq dtes64 monitor ds_cpl vmx est tm2 ssse3 cx16 xtpr pdcm pcid sse4_1 sse4_2 x2apic popcnt tsc_deadline_timer aes xsave avx f16c rdrand lahf_lm epb tpr_shadow vnmi flexpriority ept vpid fsgsbase smep erms xsaveopt dtherm ida arat pln pts
bugs		:
bogomips	: 4988.28
clflush size	: 64
cache_alignment	: 64
address sizes	: 36 bits physical, 48 bits virtual
power management:



Memory: 4k page, physical 7760916k(47320k free), swap 0k(0k free)

vm_info: OpenJDK 64-Bit Server VM (25.91-b14) for linux-amd64 JRE (1.8.0_91-8u91-b14-0ubuntu4~16.04.1-b14), built on Apr 23 2016 07:03:54 by "buildd" with gcc 5.3.1 20160413

time: Fri Jun  3 02:07:37 2016
elapsed time: 31 seconds (0d 0h 0m 31s)

