#
# There is insufficient memory for the Java Runtime Environment to continue.
# Native memory allocation (malloc) failed to allocate 234881024 bytes for committing reserved memory.
# Possible reasons:
#   The system is out of physical RAM or swap space
#   In 32 bit mode, the process size limit was hit
# Possible solutions:
#   Reduce memory load on the system
#   Increase physical memory or swap space
#   Check if swap backing store is full
#   Use 64 bit Java on a 64 bit OS
#   Decrease Java heap size (-Xmx/-Xms)
#   Decrease number of Java threads
#   Decrease Java thread stack sizes (-Xss)
#   Set larger code cache with -XX:ReservedCodeCacheSize=
# This output file may be truncated or incomplete.
#
#  Out of Memory Error (os_linux.cpp:2827), pid=28028, tid=139996684064512
#
# JRE version: OpenJDK Runtime Environment (7.0_95) (build 1.7.0_95-b00)
# Java VM: OpenJDK 64-Bit Server VM (24.95-b01 mixed mode linux-amd64 compressed oops)
# Derivative: IcedTea 2.6.4
# Distribution: Ubuntu 15.10, package 7u95-2.6.4-0ubuntu0.15.10.2
# Failed to write core dump. Core dumps have been disabled. To enable core dumping, try "ulimit -c unlimited" before starting Java again
#

---------------  T H R E A D  ---------------

Current thread (0x00007f5388071000):  VMThread [stack: 0x00007f53848f9000,0x00007f53849fa000] [id=28034]

Stack: [0x00007f53848f9000,0x00007f53849fa000],  sp=0x00007f53849f84f0,  free space=1021k
Native frames: (J=compiled Java code, j=interpreted, Vv=VM code, C=native code)
V  [libjvm.so+0x9948f3]
V  [libjvm.so+0x48a9df]
V  [libjvm.so+0x80143b]
V  [libjvm.so+0x7fb82e]
V  [libjvm.so+0x871c4b]
V  [libjvm.so+0x873593]
V  [libjvm.so+0x86f818]
V  [libjvm.so+0x86fafc]
V  [libjvm.so+0x824df3]
V  [libjvm.so+0x996392]
V  [libjvm.so+0x99b0d7]
V  [libjvm.so+0x998968]
V  [libjvm.so+0x999cdf]
V  [libjvm.so+0x99a1d1]
V  [libjvm.so+0x7fe362]

VM_Operation (0x00007f5390946a40): ParallelGCFailedAllocation, mode: safepoint, requested by thread 0x00007f538800a000


---------------  P R O C E S S  ---------------

Java Threads: ( => current thread )
  0x00007f5388580800 JavaThread "process reaper" daemon [_thread_blocked, id=28044, stack(0x00007f5372323000,0x00007f537235c000)]
  0x00007f53880aa000 JavaThread "Service Thread" daemon [_thread_blocked, id=28040, stack(0x00007f5384026000,0x00007f5384127000)]
  0x00007f53880a8000 JavaThread "C2 CompilerThread1" daemon [_thread_blocked, id=28039, stack(0x00007f5384127000,0x00007f5384228000)]
  0x00007f53880a5000 JavaThread "C2 CompilerThread0" daemon [_thread_blocked, id=28038, stack(0x00007f5384228000,0x00007f5384329000)]
  0x00007f53880a2800 JavaThread "Signal Dispatcher" daemon [_thread_blocked, id=28037, stack(0x00007f5384329000,0x00007f538442a000)]
  0x00007f5388077800 JavaThread "Finalizer" daemon [_thread_blocked, id=28036, stack(0x00007f53846f7000,0x00007f53847f8000)]
  0x00007f5388075800 JavaThread "Reference Handler" daemon [_thread_blocked, id=28035, stack(0x00007f53847f8000,0x00007f53848f9000)]
  0x00007f538800a000 JavaThread "main" [_thread_blocked, id=28031, stack(0x00007f5390848000,0x00007f5390949000)]

Other Threads:
=>0x00007f5388071000 VMThread [stack: 0x00007f53848f9000,0x00007f53849fa000] [id=28034]
  0x00007f53880b5000 WatcherThread [stack: 0x00007f5373e8f000,0x00007f5373f90000] [id=28041]

VM state:at safepoint (normal execution)

VM Mutex/Monitor currently owned by a thread:  ([mutex/lock_event])
[0x00007f53880064b0] Threads_lock - owner thread: 0x00007f5388071000
[0x00007f53880069b0] Heap_lock - owner thread: 0x00007f538800a000

Heap
 PSYoungGen      total 396288K, used 9082K [0x00000007d8800000, 0x00000007f1880000, 0x0000000800000000)
  eden space 382976K, 0% used [0x00000007d8800000,0x00000007d8800000,0x00000007efe00000)
  from space 13312K, 68% used [0x00000007efe00000,0x00000007f06deb30,0x00000007f0b00000)
  to   space 12800K, 0% used [0x00000007f0b00000,0x00000007f0b00000,0x00000007f1780000)
 ParOldGen       total 80896K, used 24143K [0x0000000789800000, 0x000000078e700000, 0x00000007d8800000)
  object space 80896K, 29% used [0x0000000789800000,0x000000078af93ec0,0x000000078e700000)
 PSPermGen       total 21504K, used 13283K [0x000000077f200000, 0x0000000780700000, 0x0000000789800000)
  object space 21504K, 61% used [0x000000077f200000,0x000000077fef8d40,0x0000000780700000)

Card table byte_map: [0x00007f538cfe4000,0x00007f538d3ec000] byte_map_base: 0x00007f53893eb000

Polling page: 0x00007f539097c000

Code Cache  [0x00007f5385000000, 0x00007f5385270000, 0x00007f5388000000)
 total_blobs=1064 nmethods=767 adapters=250 free_code_cache=46882Kb largest_free_block=47949248

Compilation events (10 events):
Event: 78.098 Thread 0x00007f53880a5000 nmethod 879 0x00007f53851a7e90 code [0x00007f53851a7fe0, 0x00007f53851a80b8]
Event: 78.098 Thread 0x00007f53880a5000  880             java.util.TreeMap::successor (66 bytes)
Event: 78.101 Thread 0x00007f53880a5000 nmethod 880 0x00007f53851a7b90 code [0x00007f53851a7ce0, 0x00007f53851a7db8]
Event: 78.101 Thread 0x00007f53880a5000  881             org.apache.tools.ant.types.Resource::getLastModified (54 bytes)
Event: 78.105 Thread 0x00007f53880a5000 nmethod 881 0x00007f538523c850 code [0x00007f538523c9e0, 0x00007f538523cc48]
Event: 78.105 Thread 0x00007f53880a5000  882             java.io.File::getParent (65 bytes)
Event: 78.113 Thread 0x00007f53880a8000 nmethod 863 0x00007f5385241a10 code [0x00007f5385241d80, 0x00007f5385243708]
Event: 78.113 Thread 0x00007f53880a8000  883             java.util.GregorianCalendar::computeFields (1579 bytes)
Event: 78.120 Thread 0x00007f53880a5000 nmethod 882 0x00007f538523be90 code [0x00007f538523c000, 0x00007f538523c4d8]
Event: 78.120 Thread 0x00007f53880a5000  884             org.apache.tools.zip.ZipEntry::getUnixMode (25 bytes)

GC Heap History (10 events):
Event: 3.056 GC heap after
Heap after GC invocations=6 (full 0):
 PSYoungGen      total 127488K, used 7658K [0x00000007d8800000, 0x00000007e1b00000, 0x0000000800000000)
  eden space 119808K, 0% used [0x00000007d8800000,0x00000007d8800000,0x00000007dfd00000)
  from space 7680K, 99% used [0x00000007e0980000,0x00000007e10fa988,0x00000007e1100000)
  to   space 12800K, 0% used [0x00000007dfd00000,0x00000007dfd00000,0x00000007e0980000)
 ParOldGen       total 80896K, used 10869K [0x0000000789800000, 0x000000078e700000, 0x00000007d8800000)
  object space 80896K, 13% used [0x0000000789800000,0x000000078a29d640,0x000000078e700000)
 PSPermGen       total 21504K, used 11422K [0x000000077f200000, 0x0000000780700000, 0x0000000789800000)
  object space 21504K, 53% used [0x000000077f200000,0x000000077fd27960,0x0000000780700000)
}
Event: 4.202 GC heap before
{Heap before GC invocations=7 (full 0):
 PSYoungGen      total 127488K, used 127466K [0x00000007d8800000, 0x00000007e1b00000, 0x0000000800000000)
  eden space 119808K, 100% used [0x00000007d8800000,0x00000007dfd00000,0x00000007dfd00000)
  from space 7680K, 99% used [0x00000007e0980000,0x00000007e10fa988,0x00000007e1100000)
  to   space 12800K, 0% used [0x00000007dfd00000,0x00000007dfd00000,0x00000007e0980000)
 ParOldGen       total 80896K, used 10869K [0x0000000789800000, 0x000000078e700000, 0x00000007d8800000)
  object space 80896K, 13% used [0x0000000789800000,0x000000078a29d640,0x000000078e700000)
 PSPermGen       total 21504K, used 11986K [0x000000077f200000, 0x0000000780700000, 0x0000000789800000)
  object space 21504K, 55% used [0x000000077f200000,0x000000077fdb4a20,0x0000000780700000)
Event: 4.232 GC heap after
Heap after GC invocations=7 (full 0):
 PSYoungGen      total 132608K, used 10842K [0x00000007d8800000, 0x00000007e8d00000, 0x0000000800000000)
  eden space 119808K, 0% used [0x00000007d8800000,0x00000007d8800000,0x00000007dfd00000)
  from space 12800K, 84% used [0x00000007dfd00000,0x00000007e0796818,0x00000007e0980000)
  to   space 13824K, 0% used [0x00000007e7f80000,0x00000007e7f80000,0x00000007e8d00000)
 ParOldGen       total 80896K, used 13221K [0x0000000789800000, 0x000000078e700000, 0x00000007d8800000)
  object space 80896K, 16% used [0x0000000789800000,0x000000078a4e96b0,0x000000078e700000)
 PSPermGen       total 21504K, used 11986K [0x000000077f200000, 0x0000000780700000, 0x0000000789800000)
  object space 21504K, 55% used [0x000000077f200000,0x000000077fdb4a20,0x0000000780700000)
}
Event: 58.304 GC heap before
{Heap before GC invocations=8 (full 0):
 PSYoungGen      total 132608K, used 130650K [0x00000007d8800000, 0x00000007e8d00000, 0x0000000800000000)
  eden space 119808K, 100% used [0x00000007d8800000,0x00000007dfd00000,0x00000007dfd00000)
  from space 12800K, 84% used [0x00000007dfd00000,0x00000007e0796818,0x00000007e0980000)
  to   space 13824K, 0% used [0x00000007e7f80000,0x00000007e7f80000,0x00000007e8d00000)
 ParOldGen       total 80896K, used 13221K [0x0000000789800000, 0x000000078e700000, 0x00000007d8800000)
  object space 80896K, 16% used [0x0000000789800000,0x000000078a4e96b0,0x000000078e700000)
 PSPermGen       total 21504K, used 12474K [0x000000077f200000, 0x0000000780700000, 0x0000000789800000)
  object space 21504K, 58% used [0x000000077f200000,0x000000077fe2eae8,0x0000000780700000)
Event: 58.526 GC heap after
Heap after GC invocations=8 (full 0):
 PSYoungGen      total 252416K, used 7959K [0x00000007d8800000, 0x00000007e8c00000, 0x0000000800000000)
  eden space 239616K, 0% used [0x00000007d8800000,0x00000007d8800000,0x00000007e7200000)
  from space 12800K, 62% used [0x00000007e7f80000,0x00000007e8745d48,0x00000007e8c00000)
  to   space 13312K, 0% used [0x00000007e7200000,0x00000007e7200000,0x00000007e7f00000)
 ParOldGen       total 80896K, used 15362K [0x0000000789800000, 0x000000078e700000, 0x00000007d8800000)
  object space 80896K, 18% used [0x0000000789800000,0x000000078a700928,0x000000078e700000)
 PSPermGen       total 21504K, used 12474K [0x000000077f200000, 0x0000000780700000, 0x0000000789800000)
  object space 21504K, 58% used [0x000000077f200000,0x000000077fe2eae8,0x0000000780700000)
}
Event: 75.214 GC heap before
{Heap before GC invocations=9 (full 0):
 PSYoungGen      total 252416K, used 247575K [0x00000007d8800000, 0x00000007e8c00000, 0x0000000800000000)
  eden space 239616K, 100% used [0x00000007d8800000,0x00000007e7200000,0x00000007e7200000)
  from space 12800K, 62% used [0x00000007e7f80000,0x00000007e8745d48,0x00000007e8c00000)
  to   space 13312K, 0% used [0x00000007e7200000,0x00000007e7200000,0x00000007e7f00000)
 ParOldGen       total 80896K, used 15362K [0x0000000789800000, 0x000000078e700000, 0x00000007d8800000)
  object space 80896K, 18% used [0x0000000789800000,0x000000078a700928,0x000000078e700000)
 PSPermGen       total 21504K, used 12852K [0x000000077f200000, 0x0000000780700000, 0x0000000789800000)
  object space 21504K, 59% used [0x000000077f200000,0x000000077fe8d2c8,0x0000000780700000)
Event: 75.248 GC heap after
Heap after GC invocations=9 (full 0):
 PSYoungGen      total 252928K, used 7881K [0x00000007d8800000, 0x00000007f1780000, 0x0000000800000000)
  eden space 239616K, 0% used [0x00000007d8800000,0x00000007d8800000,0x00000007e7200000)
  from space 13312K, 59% used [0x00000007e7200000,0x00000007e79b2478,0x00000007e7f00000)
  to   space 12800K, 0% used [0x00000007f0b00000,0x00000007f0b00000,0x00000007f1780000)
 ParOldGen       total 80896K, used 18429K [0x0000000789800000, 0x000000078e700000, 0x00000007d8800000)
  object space 80896K, 22% used [0x0000000789800000,0x000000078a9ff428,0x000000078e700000)
 PSPermGen       total 21504K, used 12852K [0x000000077f200000, 0x0000000780700000, 0x0000000789800000)
  object space 21504K, 59% used [0x000000077f200000,0x000000077fe8d2c8,0x0000000780700000)
}
Event: 75.674 GC heap before
{Heap before GC invocations=10 (full 0):
 PSYoungGen      total 252928K, used 247497K [0x00000007d8800000, 0x00000007f1780000, 0x0000000800000000)
  eden space 239616K, 100% used [0x00000007d8800000,0x00000007e7200000,0x00000007e7200000)
  from space 13312K, 59% used [0x00000007e7200000,0x00000007e79b2478,0x00000007e7f00000)
  to   space 12800K, 0% used [0x00000007f0b00000,0x00000007f0b00000,0x00000007f1780000)
 ParOldGen       total 80896K, used 18429K [0x0000000789800000, 0x000000078e700000, 0x00000007d8800000)
  object space 80896K, 22% used [0x0000000789800000,0x000000078a9ff428,0x000000078e700000)
 PSPermGen       total 21504K, used 12863K [0x000000077f200000, 0x0000000780700000, 0x0000000789800000)
  object space 21504K, 59% used [0x000000077f200000,0x000000077fe8fe70,0x0000000780700000)
Event: 75.688 GC heap after
Heap after GC invocations=10 (full 0):
 PSYoungGen      total 395776K, used 1872K [0x00000007d8800000, 0x00000007f1880000, 0x0000000800000000)
  eden space 382976K, 0% used [0x00000007d8800000,0x00000007d8800000,0x00000007efe00000)
  from space 12800K, 14% used [0x00000007f0b00000,0x00000007f0cd4030,0x00000007f1780000)
  to   space 13312K, 0% used [0x00000007efe00000,0x00000007efe00000,0x00000007f0b00000)
 ParOldGen       total 80896K, used 22931K [0x0000000789800000, 0x000000078e700000, 0x00000007d8800000)
  object space 80896K, 28% used [0x0000000789800000,0x000000078ae64e80,0x000000078e700000)
 PSPermGen       total 21504K, used 12863K [0x000000077f200000, 0x0000000780700000, 0x0000000789800000)
  object space 21504K, 59% used [0x000000077f200000,0x000000077fe8fe70,0x0000000780700000)
}
Event: 78.121 GC heap before
{Heap before GC invocations=11 (full 0):
 PSYoungGen      total 395776K, used 384848K [0x00000007d8800000, 0x00000007f1880000, 0x0000000800000000)
  eden space 382976K, 100% used [0x00000007d8800000,0x00000007efe00000,0x00000007efe00000)
  from space 12800K, 14% used [0x00000007f0b00000,0x00000007f0cd4030,0x00000007f1780000)
  to   space 13312K, 0% used [0x00000007efe00000,0x00000007efe00000,0x00000007f0b00000)
 ParOldGen       total 80896K, used 22931K [0x0000000789800000, 0x000000078e700000, 0x00000007d8800000)
  object space 80896K, 28% used [0x0000000789800000,0x000000078ae64e80,0x000000078e700000)
 PSPermGen       total 21504K, used 13283K [0x000000077f200000, 0x0000000780700000, 0x0000000789800000)
  object space 21504K, 61% used [0x000000077f200000,0x000000077fef8d40,0x0000000780700000)

Deoptimization events (10 events):
Event: 77.415 Thread 0x00007f538800a000 Uncommon trap: reason=unstable_if action=reinterpret pc=0x00007f5385154a18 method=sun.util.calendar.CalendarUtils.isGregorianLeapYear(I)Z @ 10
Event: 77.415 Thread 0x00007f538800a000 Uncommon trap: reason=unstable_if action=reinterpret pc=0x00007f53851bb0d0 method=sun.util.calendar.CalendarUtils.isGregorianLeapYear(I)Z @ 10
Event: 77.415 Thread 0x00007f538800a000 Uncommon trap: reason=unstable_if action=reinterpret pc=0x00007f53850c9138 method=sun.util.calendar.CalendarUtils.isGregorianLeapYear(I)Z @ 10
Event: 77.415 Thread 0x00007f538800a000 Uncommon trap: reason=unstable_if action=reinterpret pc=0x00007f5385182100 method=sun.util.calendar.CalendarUtils.isGregorianLeapYear(I)Z @ 10
Event: 77.417 Thread 0x00007f538800a000 Uncommon trap: reason=unstable_if action=reinterpret pc=0x00007f53851b8310 method=sun.util.calendar.CalendarUtils.isGregorianLeapYear(I)Z @ 10
Event: 77.417 Thread 0x00007f538800a000 Uncommon trap: reason=unstable_if action=reinterpret pc=0x00007f53851397c4 method=sun.util.calendar.CalendarUtils.isGregorianLeapYear(I)Z @ 10
Event: 77.417 Thread 0x00007f538800a000 Uncommon trap: reason=unstable_if action=reinterpret pc=0x00007f53851b7044 method=sun.util.calendar.CalendarUtils.isGregorianLeapYear(I)Z @ 10
Event: 77.756 Thread 0x00007f538800a000 Uncommon trap: reason=predicate action=maybe_recompile pc=0x00007f5385227d64 method=java.util.AbstractCollection.toArray([Ljava/lang/Object;)[Ljava/lang/Object; @ 49
Event: 78.002 Thread 0x00007f538800a000 Uncommon trap: reason=unstable_if action=reinterpret pc=0x00007f538522bcd4 method=org.apache.tools.zip.GeneralPurposeBit.parse([BI)Lorg/apache/tools/zip/GeneralPurposeBit; @ 19
Event: 78.017 Thread 0x00007f538800a000 Uncommon trap: reason=unstable_if action=reinterpret pc=0x00007f53851af69c method=java.util.TreeMap.put(Ljava/lang/Object;Ljava/lang/Object;)Ljava/lang/Object; @ 199

Internal exceptions (10 events):
Event: 75.794 Thread 0x00007f538800a000 Threw 0x00000007d9eca238 at /build/openjdk-7-UoaBYD/openjdk-7-7u95-2.6.4/build/openjdk/hotspot/src/share/vm/prims/jvm.cpp:1322
Event: 75.794 Thread 0x00007f538800a000 Threw 0x00000007d9eca968 at /build/openjdk-7-UoaBYD/openjdk-7-7u95-2.6.4/build/openjdk/hotspot/src/share/vm/prims/jvm.cpp:1322
Event: 75.795 Thread 0x00007f538800a000 Threw 0x00000007d9ed1158 at /build/openjdk-7-UoaBYD/openjdk-7-7u95-2.6.4/build/openjdk/hotspot/src/share/vm/prims/jvm.cpp:1322
Event: 75.795 Thread 0x00007f538800a000 Threw 0x00000007d9ed1768 at /build/openjdk-7-UoaBYD/openjdk-7-7u95-2.6.4/build/openjdk/hotspot/src/share/vm/prims/jvm.cpp:1322
Event: 76.736 Thread 0x00007f538800a000 Threw 0x00000007df945450 at /build/openjdk-7-UoaBYD/openjdk-7-7u95-2.6.4/build/openjdk/hotspot/src/share/vm/prims/jvm.cpp:1322
Event: 76.736 Thread 0x00007f538800a000 Threw 0x00000007df945b30 at /build/openjdk-7-UoaBYD/openjdk-7-7u95-2.6.4/build/openjdk/hotspot/src/share/vm/prims/jvm.cpp:1322
Event: 76.763 Thread 0x00007f538800a000 Threw 0x00000007dfa241e0 at /build/openjdk-7-UoaBYD/openjdk-7-7u95-2.6.4/build/openjdk/hotspot/src/share/vm/prims/jvm.cpp:1322
Event: 76.763 Thread 0x00007f538800a000 Threw 0x00000007dfa248c0 at /build/openjdk-7-UoaBYD/openjdk-7-7u95-2.6.4/build/openjdk/hotspot/src/share/vm/prims/jvm.cpp:1322
Event: 77.241 Thread 0x00007f538800a000 Implicit null exception at 0x00007f5385213003 to 0x00007f53852153ad
Event: 77.354 Thread 0x00007f538800a000 Implicit null exception at 0x00007f53851de4d0 to 0x00007f53851df3e1

Events (10 events):
Event: 77.946 Thread 0x00007f53880a8000 flushing nmethod 0x00007f5385184150
Event: 77.949 Thread 0x00007f53880a5000 flushing nmethod 0x00007f53851a38d0
Event: 77.949 Thread 0x00007f53880a5000 flushing nmethod 0x00007f53851a68d0
Event: 78.002 Thread 0x00007f538800a000 Uncommon trap: trap_request=0xffffff75 fr.pc=0x00007f538522bcd4
Event: 78.002 Thread 0x00007f538800a000 DEOPT PACKING pc=0x00007f538522bcd4 sp=0x00007f5390946a20
Event: 78.002 Thread 0x00007f538800a000 DEOPT UNPACKING pc=0x00007f5385039445 sp=0x00007f53909469e0 mode 2
Event: 78.017 Thread 0x00007f538800a000 Uncommon trap: trap_request=0xffffff75 fr.pc=0x00007f53851af69c
Event: 78.017 Thread 0x00007f538800a000 DEOPT PACKING pc=0x00007f53851af69c sp=0x00007f5390946c30
Event: 78.017 Thread 0x00007f538800a000 DEOPT UNPACKING pc=0x00007f5385039445 sp=0x00007f5390946c00 mode 2
Event: 78.121 Executing VM operation: ParallelGCFailedAllocation


Dynamic libraries:
00400000-00401000 r-xp 00000000 08:05 271622                             /usr/lib/jvm/java-7-openjdk-amd64/jre/bin/java
00600000-00601000 r--p 00000000 08:05 271622                             /usr/lib/jvm/java-7-openjdk-amd64/jre/bin/java
00601000-00602000 rw-p 00001000 08:05 271622                             /usr/lib/jvm/java-7-openjdk-amd64/jre/bin/java
02268000-02289000 rw-p 00000000 00:00 0                                  [heap]
77f200000-780700000 rw-p 00000000 00:00 0 
780700000-789800000 rw-p 00000000 00:00 0 
789800000-78e700000 rw-p 00000000 00:00 0 
78e700000-7d8800000 rw-p 00000000 00:00 0 
7d8800000-7f1880000 rw-p 00000000 00:00 0 
7ff880000-800000000 rw-p 00000000 00:00 0 
7f5344000000-7f5344021000 rw-p 00000000 00:00 0 
7f5344021000-7f5348000000 ---p 00000000 00:00 0 
7f534c000000-7f534c021000 rw-p 00000000 00:00 0 
7f534c021000-7f5350000000 ---p 00000000 00:00 0 
7f5350000000-7f5350021000 rw-p 00000000 00:00 0 
7f5350021000-7f5354000000 ---p 00000000 00:00 0 
7f5354000000-7f5354021000 rw-p 00000000 00:00 0 
7f5354021000-7f5358000000 ---p 00000000 00:00 0 
7f5358000000-7f5358021000 rw-p 00000000 00:00 0 
7f5358021000-7f535c000000 ---p 00000000 00:00 0 
7f535c000000-7f535cbfa000 rw-p 00000000 00:00 0 
7f535cbfa000-7f5360000000 ---p 00000000 00:00 0 
7f5360000000-7f5361403000 rw-p 00000000 00:00 0 
7f5361403000-7f5364000000 ---p 00000000 00:00 0 
7f5364000000-7f5364021000 rw-p 00000000 00:00 0 
7f5364021000-7f5368000000 ---p 00000000 00:00 0 
7f5368000000-7f5368021000 rw-p 00000000 00:00 0 
7f5368021000-7f536c000000 ---p 00000000 00:00 0 
7f536c000000-7f536c021000 rw-p 00000000 00:00 0 
7f536c021000-7f5370000000 ---p 00000000 00:00 0 
7f5372121000-7f5372124000 ---p 00000000 00:00 0 
7f5372124000-7f5372222000 rw-p 00000000 00:00 0 
7f5372222000-7f5372225000 ---p 00000000 00:00 0 
7f5372225000-7f5372323000 rw-p 00000000 00:00 0 
7f5372323000-7f5372326000 ---p 00000000 00:00 0 
7f5372326000-7f537265d000 rw-p 00000000 00:00 0                          [stack:28044]
7f537265d000-7f53726c9000 r-xp 00000000 08:05 1966152                    /lib/x86_64-linux-gnu/libpcre.so.3.13.1
7f53726c9000-7f53728c9000 ---p 0006c000 08:05 1966152                    /lib/x86_64-linux-gnu/libpcre.so.3.13.1
7f53728c9000-7f53728ca000 r--p 0006c000 08:05 1966152                    /lib/x86_64-linux-gnu/libpcre.so.3.13.1
7f53728ca000-7f53728cb000 rw-p 0006d000 08:05 1966152                    /lib/x86_64-linux-gnu/libpcre.so.3.13.1
7f53728cb000-7f53728d2000 r-xp 00000000 08:05 262184                     /usr/lib/x86_64-linux-gnu/libffi.so.6.0.4
7f53728d2000-7f5372ad1000 ---p 00007000 08:05 262184                     /usr/lib/x86_64-linux-gnu/libffi.so.6.0.4
7f5372ad1000-7f5372ad2000 r--p 00006000 08:05 262184                     /usr/lib/x86_64-linux-gnu/libffi.so.6.0.4
7f5372ad2000-7f5372ad3000 rw-p 00007000 08:05 262184                     /usr/lib/x86_64-linux-gnu/libffi.so.6.0.4
7f5372ad3000-7f5372aea000 r-xp 00000000 08:05 2001134                    /lib/x86_64-linux-gnu/libresolv-2.21.so
7f5372aea000-7f5372cea000 ---p 00017000 08:05 2001134                    /lib/x86_64-linux-gnu/libresolv-2.21.so
7f5372cea000-7f5372ceb000 r--p 00017000 08:05 2001134                    /lib/x86_64-linux-gnu/libresolv-2.21.so
7f5372ceb000-7f5372cec000 rw-p 00018000 08:05 2001134                    /lib/x86_64-linux-gnu/libresolv-2.21.so
7f5372cec000-7f5372cee000 rw-p 00000000 00:00 0 
7f5372cee000-7f5372d0f000 r-xp 00000000 08:05 1967051                    /lib/x86_64-linux-gnu/libselinux.so.1
7f5372d0f000-7f5372f0e000 ---p 00021000 08:05 1967051                    /lib/x86_64-linux-gnu/libselinux.so.1
7f5372f0e000-7f5372f0f000 r--p 00020000 08:05 1967051                    /lib/x86_64-linux-gnu/libselinux.so.1
7f5372f0f000-7f5372f10000 rw-p 00021000 08:05 1967051                    /lib/x86_64-linux-gnu/libselinux.so.1
7f5372f10000-7f5372f12000 rw-p 00000000 00:00 0 
7f5372f12000-7f5372f15000 r-xp 00000000 08:05 279049                     /usr/lib/x86_64-linux-gnu/libgmodule-2.0.so.0.4600.2
7f5372f15000-7f5373114000 ---p 00003000 08:05 279049                     /usr/lib/x86_64-linux-gnu/libgmodule-2.0.so.0.4600.2
7f5373114000-7f5373115000 r--p 00002000 08:05 279049                     /usr/lib/x86_64-linux-gnu/libgmodule-2.0.so.0.4600.2
7f5373115000-7f5373116000 rw-p 00003000 08:05 279049                     /usr/lib/x86_64-linux-gnu/libgmodule-2.0.so.0.4600.2
7f5373116000-7f5373223000 r-xp 00000000 08:05 1973049                    /lib/x86_64-linux-gnu/libglib-2.0.so.0.4600.2
7f5373223000-7f5373422000 ---p 0010d000 08:05 1973049                    /lib/x86_64-linux-gnu/libglib-2.0.so.0.4600.2
7f5373422000-7f5373423000 r--p 0010c000 08:05 1973049                    /lib/x86_64-linux-gnu/libglib-2.0.so.0.4600.2
7f5373423000-7f5373424000 rw-p 0010d000 08:05 1973049                    /lib/x86_64-linux-gnu/libglib-2.0.so.0.4600.2
7f5373424000-7f5373425000 rw-p 00000000 00:00 0 
7f5373425000-7f5373477000 r-xp 00000000 08:05 280524                     /usr/lib/x86_64-linux-gnu/libgobject-2.0.so.0.4600.2
7f5373477000-7f5373676000 ---p 00052000 08:05 280524                     /usr/lib/x86_64-linux-gnu/libgobject-2.0.so.0.4600.2
7f5373676000-7f5373677000 r--p 00051000 08:05 280524                     /usr/lib/x86_64-linux-gnu/libgobject-2.0.so.0.4600.2
7f5373677000-7f5373678000 rw-p 00052000 08:05 280524                     /usr/lib/x86_64-linux-gnu/libgobject-2.0.so.0.4600.2
7f5373678000-7f53737f2000 r-xp 00000000 08:05 279046                     /usr/lib/x86_64-linux-gnu/libgio-2.0.so.0.4600.2
7f53737f2000-7f53739f1000 ---p 0017a000 08:05 279046                     /usr/lib/x86_64-linux-gnu/libgio-2.0.so.0.4600.2
7f53739f1000-7f53739f5000 r--p 00179000 08:05 279046                     /usr/lib/x86_64-linux-gnu/libgio-2.0.so.0.4600.2
7f53739f5000-7f53739f7000 rw-p 0017d000 08:05 279046                     /usr/lib/x86_64-linux-gnu/libgio-2.0.so.0.4600.2
7f53739f7000-7f53739f9000 rw-p 00000000 00:00 0 
7f53739f9000-7f5373a10000 r-xp 00000000 08:05 286790                     /usr/lib/jvm/java-7-openjdk-amd64/jre/lib/amd64/libnet.so
7f5373a10000-7f5373c10000 ---p 00017000 08:05 286790                     /usr/lib/jvm/java-7-openjdk-amd64/jre/lib/amd64/libnet.so
7f5373c10000-7f5373c11000 r--p 00017000 08:05 286790                     /usr/lib/jvm/java-7-openjdk-amd64/jre/lib/amd64/libnet.so
7f5373c11000-7f5373c12000 rw-p 00018000 08:05 286790                     /usr/lib/jvm/java-7-openjdk-amd64/jre/lib/amd64/libnet.so
7f5373c12000-7f5373c23000 r-xp 00000000 08:05 286811                     /usr/lib/jvm/java-7-openjdk-amd64/jre/lib/amd64/libnio.so
7f5373c23000-7f5373e22000 ---p 00011000 08:05 286811                     /usr/lib/jvm/java-7-openjdk-amd64/jre/lib/amd64/libnio.so
7f5373e22000-7f5373e23000 r--p 00010000 08:05 286811                     /usr/lib/jvm/java-7-openjdk-amd64/jre/lib/amd64/libnio.so
7f5373e23000-7f5373e24000 rw-p 00011000 08:05 286811                     /usr/lib/jvm/java-7-openjdk-amd64/jre/lib/amd64/libnio.so
7f5373e24000-7f5373e8f000 r--s 0069d000 08:05 286424                     /usr/lib/jvm/java-7-openjdk-amd64/lib/tools.jar
7f5373e8f000-7f5373e90000 ---p 00000000 00:00 0 
7f5373e90000-7f5378000000 rw-p 00000000 00:00 0                          [stack:28041]
7f5378000000-7f5378021000 rw-p 00000000 00:00 0 
7f5378021000-7f537c000000 ---p 00000000 00:00 0 
7f537c000000-7f537c021000 rw-p 00000000 00:00 0 
7f537c021000-7f5380000000 ---p 00000000 00:00 0 
7f5380000000-7f5380021000 rw-p 00000000 00:00 0 
7f5380021000-7f5384000000 ---p 00000000 00:00 0 
7f5384026000-7f5384029000 ---p 00000000 00:00 0 
7f5384029000-7f5384127000 rw-p 00000000 00:00 0                          [stack:28040]
7f5384127000-7f538412a000 ---p 00000000 00:00 0 
7f538412a000-7f5384228000 rw-p 00000000 00:00 0                          [stack:28039]
7f5384228000-7f538422b000 ---p 00000000 00:00 0 
7f538422b000-7f5384329000 rw-p 00000000 00:00 0                          [stack:28038]
7f5384329000-7f538432c000 ---p 00000000 00:00 0 
7f538432c000-7f538442a000 rw-p 00000000 00:00 0                          [stack:28037]
7f538442a000-7f53846f7000 r--p 00000000 08:05 262166                     /usr/lib/locale/locale-archive
7f53846f7000-7f53846fa000 ---p 00000000 00:00 0 
7f53846fa000-7f53847f8000 rw-p 00000000 00:00 0                          [stack:28036]
7f53847f8000-7f53847fb000 ---p 00000000 00:00 0 
7f53847fb000-7f53848f9000 rw-p 00000000 00:00 0                          [stack:28035]
7f53848f9000-7f53848fa000 ---p 00000000 00:00 0 
7f53848fa000-7f5385000000 rw-p 00000000 00:00 0                          [stack:28034]
7f5385000000-7f5385270000 rwxp 00000000 00:00 0 
7f5385270000-7f53887ac000 rw-p 00000000 00:00 0 
7f53887ac000-7f538c000000 ---p 00000000 00:00 0 
7f538c035000-7f538c036000 rw-p 00000000 00:00 0 
7f538c036000-7f538c03a000 r--s 0004f000 08:05 286841                     /usr/lib/jvm/java-7-openjdk-amd64/jre/lib/jsse.jar
7f538c03a000-7f538c056000 r--s 001a7000 08:05 4045440                    /home/ankit/Documents/mine/altel/lib/installer-exclude/libjitsi.jar
7f538c056000-7f538c05c000 r--s 00053000 08:05 4045464                    /home/ankit/Documents/mine/altel/lib/installer-exclude/cpptasks.jar
7f538c05c000-7f538c066000 r--s 000ae000 08:05 286814                     /usr/lib/jvm/java-7-openjdk-amd64/jre/lib/resources.jar
7f538c066000-7f538c067000 r--s 00002000 08:05 657160                     /usr/share/java/ant-apache-bsf-1.9.6.jar
7f538c067000-7f538c06a000 r--s 00018000 08:05 665340                     /usr/share/java/junit-3.8.2.jar
7f538c06a000-7f538c06c000 r--s 00002000 08:05 659133                     /usr/share/java/ant-junit4-1.9.6.jar
7f538c06c000-7f538c06e000 r--s 0001b000 08:05 659125                     /usr/share/java/ant-junit-1.9.6.jar
7f538c06e000-7f538c06f000 r--s 00002000 08:05 657159                     /usr/share/java/ant-antlr-1.9.6.jar
7f538c06f000-7f538c071000 r--s 00002000 08:05 659132                     /usr/share/java/ant-jmf-1.9.6.jar
7f538c071000-7f538c072000 r--s 00002000 08:05 659131                     /usr/share/java/ant-apache-oro-1.9.6.jar
7f538c072000-7f538c073000 r--s 00002000 08:05 659136                     /usr/share/java/ant-apache-resolver-1.9.6.jar
7f538c073000-7f538c074000 r--s 00003000 08:05 659130                     /usr/share/java/ant-jdepend-1.9.6.jar
7f538c074000-7f538c075000 r--s 00004000 08:05 659140                     /usr/share/java/ant-launcher-1.9.6.jar
7f538c075000-7f538c076000 r--s 00003000 08:05 657011                     /usr/share/java/ant-swing-1.9.6.jar
7f538c076000-7f538c077000 r--s 00002000 08:05 659126                     /usr/share/java/ant-commons-logging-1.9.6.jar
7f538c077000-7f538c079000 r--s 0000a000 08:05 657009                     /usr/share/java/ant-jsch-1.9.6.jar
7f538c079000-7f538c07d000 r--s 00040000 08:05 660912                     /usr/share/java/jsch-0.1.53.jar
7f538c07d000-7f538c07e000 r--s 00006000 08:05 659134                     /usr/share/java/ant-testutil-1.9.6.jar
7f538c07e000-7f538c081000 r--s 00014000 08:05 659135                     /usr/share/java/ant-commons-net-1.9.6.jar
7f538c081000-7f538c082000 r--s 00002000 08:05 657010                     /usr/share/java/ant-apache-regexp-1.9.6.jar
7f538c082000-7f538c083000 r--s 00003000 08:05 659128                     /usr/share/java/ant-javamail-1.9.6.jar
7f538c083000-7f538c0a2000 r--s 001d1000 08:05 659138                     /usr/share/java/ant-1.9.6.jar
7f538c0a2000-7f538c0a4000 r--s 00001000 08:05 659129                     /usr/share/java/ant-apache-log4j-1.9.6.jar
7f538c0a4000-7f538c0a5000 r--s 00001000 08:05 659127                     /usr/share/java/ant-apache-xalan2-1.9.6.jar
7f538c0a5000-7f538c0a6000 r--s 00003000 08:05 659124                     /usr/share/java/ant-apache-bcel-1.9.6.jar
7f538c0a6000-7f538c0a7000 r--s 00004000 08:05 659140                     /usr/share/java/ant-launcher-1.9.6.jar
7f538c0a7000-7f538c0a9000 r--s 00012000 08:05 286835                     /usr/lib/jvm/java-7-openjdk-amd64/jre/lib/ext/zipfs.jar
7f538c0a9000-7f538c0ab000 r--s 00007000 08:05 660734                     /usr/share/java/java-atk-wrapper.jar
7f538c0ab000-7f538c0af000 r--s 0003c000 08:05 286839                     /usr/lib/jvm/java-7-openjdk-amd64/jre/lib/ext/sunpkcs11.jar
7f538c0af000-7f538c43d000 rw-p 00000000 00:00 0 
7f538c43d000-7f538c5ee000 r--s 01d30000 08:05 286824                     /usr/lib/jvm/java-7-openjdk-amd64/jre/lib/rt.jar
7f538c5ee000-7f538cb17000 rw-p 00000000 00:00 0 
7f538cb17000-7f538cb18000 ---p 00000000 00:00 0 
7f538cb18000-7f538cc18000 rw-p 00000000 00:00 0                          [stack:28033]
7f538cc18000-7f538cc19000 ---p 00000000 00:00 0 
7f538cc19000-7f538cd24000 rw-p 00000000 00:00 0                          [stack:28032]
7f538cd24000-7f538cd6c000 rw-p 00000000 00:00 0 
7f538cd6c000-7f538cd94000 rw-p 00000000 00:00 0 
7f538cd94000-7f538cfe4000 rw-p 00000000 00:00 0 
7f538cfe4000-7f538cfef000 rw-p 00000000 00:00 0 
7f538cfef000-7f538d037000 rw-p 00000000 00:00 0 
7f538d037000-7f538d05f000 rw-p 00000000 00:00 0 
7f538d05f000-7f538d2af000 rw-p 00000000 00:00 0 
7f538d2af000-7f538d378000 rw-p 00000000 00:00 0 
7f538d378000-7f538d3eb000 rw-p 00000000 00:00 0 
7f538d3eb000-7f538d3ec000 rw-p 00000000 00:00 0 
7f538d3ec000-7f538d3f4000 r-xp 00000000 08:05 286795                     /usr/lib/jvm/java-7-openjdk-amd64/jre/lib/amd64/libzip.so
7f538d3f4000-7f538d5f3000 ---p 00008000 08:05 286795                     /usr/lib/jvm/java-7-openjdk-amd64/jre/lib/amd64/libzip.so
7f538d5f3000-7f538d5f4000 r--p 00007000 08:05 286795                     /usr/lib/jvm/java-7-openjdk-amd64/jre/lib/amd64/libzip.so
7f538d5f4000-7f538d5f5000 rw-p 00008000 08:05 286795                     /usr/lib/jvm/java-7-openjdk-amd64/jre/lib/amd64/libzip.so
7f538d5f5000-7f538d601000 r-xp 00000000 08:05 2001117                    /lib/x86_64-linux-gnu/libnss_files-2.21.so
7f538d601000-7f538d800000 ---p 0000c000 08:05 2001117                    /lib/x86_64-linux-gnu/libnss_files-2.21.so
7f538d800000-7f538d801000 r--p 0000b000 08:05 2001117                    /lib/x86_64-linux-gnu/libnss_files-2.21.so
7f538d801000-7f538d802000 rw-p 0000c000 08:05 2001117                    /lib/x86_64-linux-gnu/libnss_files-2.21.so
7f538d802000-7f538d80d000 r-xp 00000000 08:05 2001128                    /lib/x86_64-linux-gnu/libnss_nis-2.21.so
7f538d80d000-7f538da0c000 ---p 0000b000 08:05 2001128                    /lib/x86_64-linux-gnu/libnss_nis-2.21.so
7f538da0c000-7f538da0d000 r--p 0000a000 08:05 2001128                    /lib/x86_64-linux-gnu/libnss_nis-2.21.so
7f538da0d000-7f538da0e000 rw-p 0000b000 08:05 2001128                    /lib/x86_64-linux-gnu/libnss_nis-2.21.so
7f538da0e000-7f538da25000 r-xp 00000000 08:05 2001122                    /lib/x86_64-linux-gnu/libnsl-2.21.so
7f538da25000-7f538dc24000 ---p 00017000 08:05 2001122                    /lib/x86_64-linux-gnu/libnsl-2.21.so
7f538dc24000-7f538dc25000 r--p 00016000 08:05 2001122                    /lib/x86_64-linux-gnu/libnsl-2.21.so
7f538dc25000-7f538dc26000 rw-p 00017000 08:05 2001122                    /lib/x86_64-linux-gnu/libnsl-2.21.so
7f538dc26000-7f538dc28000 rw-p 00000000 00:00 0 
7f538dc28000-7f538dc30000 r-xp 00000000 08:05 2001118                    /lib/x86_64-linux-gnu/libnss_compat-2.21.so
7f538dc30000-7f538de2f000 ---p 00008000 08:05 2001118                    /lib/x86_64-linux-gnu/libnss_compat-2.21.so
7f538de2f000-7f538de30000 r--p 00007000 08:05 2001118                    /lib/x86_64-linux-gnu/libnss_compat-2.21.so
7f538de30000-7f538de31000 rw-p 00008000 08:05 2001118                    /lib/x86_64-linux-gnu/libnss_compat-2.21.so
7f538de31000-7f538de5d000 r-xp 00000000 08:05 274220                     /usr/lib/jvm/java-7-openjdk-amd64/jre/lib/amd64/libjava.so
7f538de5d000-7f538e05c000 ---p 0002c000 08:05 274220                     /usr/lib/jvm/java-7-openjdk-amd64/jre/lib/amd64/libjava.so
7f538e05c000-7f538e05d000 r--p 0002b000 08:05 274220                     /usr/lib/jvm/java-7-openjdk-amd64/jre/lib/amd64/libjava.so
7f538e05d000-7f538e05f000 rw-p 0002c000 08:05 274220                     /usr/lib/jvm/java-7-openjdk-amd64/jre/lib/amd64/libjava.so
7f538e05f000-7f538e06e000 r-xp 00000000 08:05 274221                     /usr/lib/jvm/java-7-openjdk-amd64/jre/lib/amd64/libverify.so
7f538e06e000-7f538e26d000 ---p 0000f000 08:05 274221                     /usr/lib/jvm/java-7-openjdk-amd64/jre/lib/amd64/libverify.so
7f538e26d000-7f538e26f000 r--p 0000e000 08:05 274221                     /usr/lib/jvm/java-7-openjdk-amd64/jre/lib/amd64/libverify.so
7f538e26f000-7f538e270000 rw-p 00010000 08:05 274221                     /usr/lib/jvm/java-7-openjdk-amd64/jre/lib/amd64/libverify.so
7f538e270000-7f538e277000 r-xp 00000000 08:05 2001115                    /lib/x86_64-linux-gnu/librt-2.21.so
7f538e277000-7f538e476000 ---p 00007000 08:05 2001115                    /lib/x86_64-linux-gnu/librt-2.21.so
7f538e476000-7f538e477000 r--p 00006000 08:05 2001115                    /lib/x86_64-linux-gnu/librt-2.21.so
7f538e477000-7f538e478000 rw-p 00007000 08:05 2001115                    /lib/x86_64-linux-gnu/librt-2.21.so
7f538e478000-7f538e48e000 r-xp 00000000 08:05 1971279                    /lib/x86_64-linux-gnu/libgcc_s.so.1
7f538e48e000-7f538e68d000 ---p 00016000 08:05 1971279                    /lib/x86_64-linux-gnu/libgcc_s.so.1
7f538e68d000-7f538e68e000 r--p 00015000 08:05 1971279                    /lib/x86_64-linux-gnu/libgcc_s.so.1
7f538e68e000-7f538e68f000 rw-p 00016000 08:05 1971279                    /lib/x86_64-linux-gnu/libgcc_s.so.1
7f538e68f000-7f538e796000 r-xp 00000000 08:05 2001130                    /lib/x86_64-linux-gnu/libm-2.21.so
7f538e796000-7f538e995000 ---p 00107000 08:05 2001130                    /lib/x86_64-linux-gnu/libm-2.21.so
7f538e995000-7f538e996000 r--p 00106000 08:05 2001130                    /lib/x86_64-linux-gnu/libm-2.21.so
7f538e996000-7f538e997000 rw-p 00107000 08:05 2001130                    /lib/x86_64-linux-gnu/libm-2.21.so
7f538e997000-7f538eb0a000 r-xp 00000000 08:05 288551                     /usr/lib/x86_64-linux-gnu/libstdc++.so.6.0.21
7f538eb0a000-7f538ed09000 ---p 00173000 08:05 288551                     /usr/lib/x86_64-linux-gnu/libstdc++.so.6.0.21
7f538ed09000-7f538ed13000 r--p 00172000 08:05 288551                     /usr/lib/x86_64-linux-gnu/libstdc++.so.6.0.21
7f538ed13000-7f538ed15000 rw-p 0017c000 08:05 288551                     /usr/lib/x86_64-linux-gnu/libstdc++.so.6.0.21
7f538ed15000-7f538ed19000 rw-p 00000000 00:00 0 
7f538ed19000-7f538f86a000 r-xp 00000000 08:05 286793                     /usr/lib/jvm/java-7-openjdk-amd64/jre/lib/amd64/server/libjvm.so
7f538f86a000-7f538fa69000 ---p 00b51000 08:05 286793                     /usr/lib/jvm/java-7-openjdk-amd64/jre/lib/amd64/server/libjvm.so
7f538fa69000-7f538fafa000 r--p 00b50000 08:05 286793                     /usr/lib/jvm/java-7-openjdk-amd64/jre/lib/amd64/server/libjvm.so
7f538fafa000-7f538fb1d000 rw-p 00be1000 08:05 286793                     /usr/lib/jvm/java-7-openjdk-amd64/jre/lib/amd64/server/libjvm.so
7f538fb1d000-7f538fb48000 rw-p 00000000 00:00 0 
7f538fb48000-7f538fb61000 r-xp 00000000 08:05 1966155                    /lib/x86_64-linux-gnu/libz.so.1.2.8
7f538fb61000-7f538fd60000 ---p 00019000 08:05 1966155                    /lib/x86_64-linux-gnu/libz.so.1.2.8
7f538fd60000-7f538fd61000 r--p 00018000 08:05 1966155                    /lib/x86_64-linux-gnu/libz.so.1.2.8
7f538fd61000-7f538fd62000 rw-p 00019000 08:05 1966155                    /lib/x86_64-linux-gnu/libz.so.1.2.8
7f538fd62000-7f538fd7a000 r-xp 00000000 08:05 2001116                    /lib/x86_64-linux-gnu/libpthread-2.21.so
7f538fd7a000-7f538ff7a000 ---p 00018000 08:05 2001116                    /lib/x86_64-linux-gnu/libpthread-2.21.so
7f538ff7a000-7f538ff7b000 r--p 00018000 08:05 2001116                    /lib/x86_64-linux-gnu/libpthread-2.21.so
7f538ff7b000-7f538ff7c000 rw-p 00019000 08:05 2001116                    /lib/x86_64-linux-gnu/libpthread-2.21.so
7f538ff7c000-7f538ff80000 rw-p 00000000 00:00 0 
7f538ff80000-7f538ff83000 r-xp 00000000 08:05 2001127                    /lib/x86_64-linux-gnu/libdl-2.21.so
7f538ff83000-7f5390182000 ---p 00003000 08:05 2001127                    /lib/x86_64-linux-gnu/libdl-2.21.so
7f5390182000-7f5390183000 r--p 00002000 08:05 2001127                    /lib/x86_64-linux-gnu/libdl-2.21.so
7f5390183000-7f5390184000 rw-p 00003000 08:05 2001127                    /lib/x86_64-linux-gnu/libdl-2.21.so
7f5390184000-7f5390344000 r-xp 00000000 08:05 2001131                    /lib/x86_64-linux-gnu/libc-2.21.so
7f5390344000-7f5390544000 ---p 001c0000 08:05 2001131                    /lib/x86_64-linux-gnu/libc-2.21.so
7f5390544000-7f5390548000 r--p 001c0000 08:05 2001131                    /lib/x86_64-linux-gnu/libc-2.21.so
7f5390548000-7f539054a000 rw-p 001c4000 08:05 2001131                    /lib/x86_64-linux-gnu/libc-2.21.so
7f539054a000-7f539054e000 rw-p 00000000 00:00 0 
7f539054e000-7f539055b000 r-xp 00000000 08:05 286808                     /usr/lib/jvm/java-7-openjdk-amd64/jre/lib/amd64/jli/libjli.so
7f539055b000-7f539075a000 ---p 0000d000 08:05 286808                     /usr/lib/jvm/java-7-openjdk-amd64/jre/lib/amd64/jli/libjli.so
7f539075a000-7f539075b000 r--p 0000c000 08:05 286808                     /usr/lib/jvm/java-7-openjdk-amd64/jre/lib/amd64/jli/libjli.so
7f539075b000-7f539075c000 rw-p 0000d000 08:05 286808                     /usr/lib/jvm/java-7-openjdk-amd64/jre/lib/amd64/jli/libjli.so
7f539075c000-7f5390780000 r-xp 00000000 08:05 2001125                    /lib/x86_64-linux-gnu/ld-2.21.so
7f5390780000-7f5390783000 r--s 0000f000 08:05 286837                     /usr/lib/jvm/java-7-openjdk-amd64/jre/lib/ext/icedtea-sound.jar
7f5390783000-7f5390787000 r--s 00085000 08:05 286838                     /usr/lib/jvm/java-7-openjdk-amd64/jre/lib/ext/localedata.jar
7f5390787000-7f5390788000 r--s 00002000 08:05 286834                     /usr/lib/jvm/java-7-openjdk-amd64/jre/lib/ext/dnsns.jar
7f5390788000-7f5390792000 rw-p 00000000 00:00 0 
7f5390792000-7f5390848000 rw-p 00000000 00:00 0 
7f5390848000-7f539084b000 ---p 00000000 00:00 0 
7f539084b000-7f539094e000 rw-p 00000000 00:00 0                          [stack:28031]
7f539094e000-7f5390952000 r--s 00034000 08:05 286836                     /usr/lib/jvm/java-7-openjdk-amd64/jre/lib/ext/sunjce_provider.jar
7f5390952000-7f5390973000 rw-p 00000000 00:00 0 
7f5390973000-7f539097b000 rw-s 00000000 08:05 661210                     /tmp/hsperfdata_ankit/28028
7f539097b000-7f539097c000 rw-p 00000000 00:00 0 
7f539097c000-7f539097d000 ---p 00000000 00:00 0 
7f539097d000-7f539097f000 rw-p 00000000 00:00 0 
7f539097f000-7f5390980000 r--p 00023000 08:05 2001125                    /lib/x86_64-linux-gnu/ld-2.21.so
7f5390980000-7f5390981000 rw-p 00024000 08:05 2001125                    /lib/x86_64-linux-gnu/ld-2.21.so
7f5390981000-7f5390982000 rw-p 00000000 00:00 0 
7ffd871b0000-7ffd871d1000 rw-p 00000000 00:00 0                          [stack]
7ffd871e7000-7ffd871e9000 r--p 00000000 00:00 0                          [vvar]
7ffd871e9000-7ffd871eb000 r-xp 00000000 00:00 0                          [vdso]
ffffffffff600000-ffffffffff601000 r-xp 00000000 00:00 0                  [vsyscall]

VM Arguments:
jvm_args: -Dant.home=/usr/share/ant -Dant.library.dir=/usr/share/ant/lib 
java_command: org.apache.tools.ant.launch.Launcher -cp  -debug rebuild
Launcher Type: SUN_STANDARD

Environment Variables:
JAVA_HOME=/usr/lib/jvm/default-java
PATH=/usr/local/apache-maven/apache-maven-3.2.5/bin:/usr/local/sbin:/usr/local/bin:/usr/sbin:/usr/bin:/sbin:/bin:/usr/games:/usr/local/games
SHELL=/bin/bash
DISPLAY=:0

Signal Handlers:
SIGSEGV: [libjvm.so+0x995450], sa_mask[0]=0x7ffbfeff, sa_flags=0x10000004
SIGBUS: [libjvm.so+0x995450], sa_mask[0]=0x7ffbfeff, sa_flags=0x10000004
SIGFPE: [libjvm.so+0x7fc6a0], sa_mask[0]=0x7ffbfeff, sa_flags=0x10000004
SIGPIPE: [libjvm.so+0x7fc6a0], sa_mask[0]=0x7ffbfeff, sa_flags=0x10000004
SIGXFSZ: [libjvm.so+0x7fc6a0], sa_mask[0]=0x7ffbfeff, sa_flags=0x10000004
SIGILL: [libjvm.so+0x7fc6a0], sa_mask[0]=0x7ffbfeff, sa_flags=0x10000004
SIGUSR1: SIG_DFL, sa_mask[0]=0x00000000, sa_flags=0x00000000
SIGUSR2: [libjvm.so+0x7fc520], sa_mask[0]=0x00000000, sa_flags=0x10000004
SIGHUP: [libjvm.so+0x7fc6b0], sa_mask[0]=0x7ffbfeff, sa_flags=0x10000004
SIGINT: [libjvm.so+0x7fc6b0], sa_mask[0]=0x7ffbfeff, sa_flags=0x10000004
SIGTERM: [libjvm.so+0x7fc6b0], sa_mask[0]=0x7ffbfeff, sa_flags=0x10000004
SIGQUIT: [libjvm.so+0x7fc6b0], sa_mask[0]=0x7ffbfeff, sa_flags=0x10000004
SIGTRAP: SIG_DFL, sa_mask[0]=0x00000000, sa_flags=0x00000000


---------------  S Y S T E M  ---------------

OS:Ubuntu 15.10 (wily)
uname:Linux 4.2.0-35-generic #40-Ubuntu SMP Tue Mar 15 22:15:45 UTC 2016 x86_64
libc:glibc 2.21 NPTL 2.21 
rlimit: STACK 8192k, CORE 0k, NPROC 30174, NOFILE 65536, AS infinity
load average:8.73 3.32 1.81

/proc/meminfo:
MemTotal:        7761248 kB
MemFree:           54700 kB
MemAvailable:     234396 kB
Buffers:            4520 kB
Cached:           939704 kB
SwapCached:            0 kB
Active:          6695192 kB
Inactive:         779412 kB
Active(anon):    6607912 kB
Inactive(anon):   693128 kB
Active(file):      87280 kB
Inactive(file):    86284 kB
Unevictable:         312 kB
Mlocked:             312 kB
SwapTotal:             0 kB
SwapFree:              0 kB
Dirty:             17520 kB
Writeback:             0 kB
AnonPages:       6530764 kB
Mapped:           568976 kB
Shmem:            770588 kB
Slab:              93060 kB
SReclaimable:      47592 kB
SUnreclaim:        45468 kB
KernelStack:       14928 kB
PageTables:        70480 kB
NFS_Unstable:          0 kB
Bounce:                0 kB
WritebackTmp:          0 kB
CommitLimit:     3880624 kB
Committed_AS:   15270712 kB
VmallocTotal:   34359738367 kB
VmallocUsed:      355664 kB
VmallocChunk:   34358947836 kB
HardwareCorrupted:     0 kB
AnonHugePages:   3115008 kB
CmaTotal:              0 kB
CmaFree:               0 kB
HugePages_Total:       0
HugePages_Free:        0
HugePages_Rsvd:        0
HugePages_Surp:        0
Hugepagesize:       2048 kB
DirectMap4k:      208764 kB
DirectMap2M:     7761920 kB


CPU:total 2 (2 cores per cpu, 2 threads per core) family 6 model 58 stepping 9, cmov, cx8, fxsr, mmx, sse, sse2, sse3, ssse3, sse4.1, sse4.2, popcnt, avx, aes, erms, ht, tsc, tscinvbit, tscinv

/proc/cpuinfo:
processor	: 0
vendor_id	: GenuineIntel
cpu family	: 6
model		: 58
model name	: Intel(R) Core(TM) i5-3210M CPU @ 2.50GHz
stepping	: 9
microcode	: 0x17
cpu MHz		: 2900.000
cache size	: 3072 KB
physical id	: 0
siblings	: 2
core id		: 0
cpu cores	: 2
apicid		: 0
initial apicid	: 0
fpu		: yes
fpu_exception	: yes
cpuid level	: 13
wp		: yes
flags		: fpu vme de pse tsc msr pae mce cx8 apic sep mtrr pge mca cmov pat pse36 clflush dts acpi mmx fxsr sse sse2 ss ht tm pbe syscall nx rdtscp lm constant_tsc arch_perfmon pebs bts rep_good nopl xtopology nonstop_tsc aperfmperf eagerfpu pni pclmulqdq dtes64 monitor ds_cpl vmx est tm2 ssse3 cx16 xtpr pdcm pcid sse4_1 sse4_2 x2apic popcnt tsc_deadline_timer aes xsave avx f16c rdrand lahf_lm ida arat epb pln pts dtherm tpr_shadow vnmi flexpriority ept vpid fsgsbase smep erms xsaveopt
bugs		:
bogomips	: 4988.67
clflush size	: 64
cache_alignment	: 64
address sizes	: 36 bits physical, 48 bits virtual
power management:

processor	: 1
vendor_id	: GenuineIntel
cpu family	: 6
model		: 58
model name	: Intel(R) Core(TM) i5-3210M CPU @ 2.50GHz
stepping	: 9
microcode	: 0x17
cpu MHz		: 2900.976
cache size	: 3072 KB
physical id	: 0
siblings	: 2
core id		: 1
cpu cores	: 2
apicid		: 2
initial apicid	: 2
fpu		: yes
fpu_exception	: yes
cpuid level	: 13
wp		: yes
flags		: fpu vme de pse tsc msr pae mce cx8 apic sep mtrr pge mca cmov pat pse36 clflush dts acpi mmx fxsr sse sse2 ss ht tm pbe syscall nx rdtscp lm constant_tsc arch_perfmon pebs bts rep_good nopl xtopology nonstop_tsc aperfmperf eagerfpu pni pclmulqdq dtes64 monitor ds_cpl vmx est tm2 ssse3 cx16 xtpr pdcm pcid sse4_1 sse4_2 x2apic popcnt tsc_deadline_timer aes xsave avx f16c rdrand lahf_lm ida arat epb pln pts dtherm tpr_shadow vnmi flexpriority ept vpid fsgsbase smep erms xsaveopt
bugs		:
bogomips	: 4988.67
clflush size	: 64
cache_alignment	: 64
address sizes	: 36 bits physical, 48 bits virtual
power management:



Memory: 4k page, physical 7761248k(54700k free), swap 0k(0k free)

vm_info: OpenJDK 64-Bit Server VM (24.95-b01) for linux-amd64 JRE (1.7.0_95-b00), built on Mar 24 2016 06:07:15 by "buildd" with gcc 5.2.1 20151010

time: Mon Apr 25 10:29:43 2016
elapsed time: 78 seconds

